ERROR - 2023-10-03 02:12:27 --> mysqli_sql_exception: Table 'db_akademik.mahasiswa' doesn't exist in C:\xampp\htdocs\codeignite\cid\system\Database\MySQLi\Connection.php:295
Stack trace:
#0 C:\xampp\htdocs\codeignite\cid\system\Database\MySQLi\Connection.php(295): mysqli->query('SELECT *\nFROM `...', 0)
#1 C:\xampp\htdocs\codeignite\cid\system\Database\BaseConnection.php(692): CodeIgniter\Database\MySQLi\Connection->execute('SELECT *\nFROM `...')
#2 C:\xampp\htdocs\codeignite\cid\system\Database\BaseConnection.php(606): CodeIgniter\Database\BaseConnection->simpleQuery('SELECT *\nFROM `...')
#3 C:\xampp\htdocs\codeignite\cid\system\Database\BaseBuilder.php(1616): CodeIgniter\Database\BaseConnection->query('SELECT *\nFROM `...', Array, false)
#4 C:\xampp\htdocs\codeignite\cid\app\Models\MahasiswaModel.php(27): CodeIgniter\Database\BaseBuilder->get()
#5 C:\xampp\htdocs\codeignite\cid\app\Controllers\Mahasiswaa.php(57): App\Models\MahasiswaModel->getDataById('2111016210011')
#6 C:\xampp\htdocs\codeignite\cid\system\CodeIgniter.php(932): App\Controllers\Mahasiswaa->edit('2111016210011')
#7 C:\xampp\htdocs\codeignite\cid\system\CodeIgniter.php(497): CodeIgniter\CodeIgniter->runController(Object(App\Controllers\Mahasiswaa))
#8 C:\xampp\htdocs\codeignite\cid\system\CodeIgniter.php(366): CodeIgniter\CodeIgniter->handleRequest(NULL, Object(Config\Cache), false)
#9 C:\xampp\htdocs\codeignite\cid\public\index.php(67): CodeIgniter\CodeIgniter->run()
#10 {main}
CRITICAL - 2023-10-03 02:12:27 --> Table 'db_akademik.mahasiswa' doesn't exist
in SYSTEMPATH\Database\MySQLi\Connection.php on line 295.
 1 SYSTEMPATH\Database\MySQLi\Connection.php(295): mysqli->query('SELECT *
FROM `mahasiswa`
WHERE `nim` = \'2111016210011\'', 0)
 2 SYSTEMPATH\Database\BaseConnection.php(692): CodeIgniter\Database\MySQLi\Connection->execute('SELECT *
FROM `mahasiswa`
WHERE `nim` = \'2111016210011\'')
 3 SYSTEMPATH\Database\BaseConnection.php(606): CodeIgniter\Database\BaseConnection->simpleQuery('SELECT *
FROM `mahasiswa`
WHERE `nim` = \'2111016210011\'')
 4 SYSTEMPATH\Database\BaseBuilder.php(1616): CodeIgniter\Database\BaseConnection->query('SELECT *
FROM `mahasiswa`
WHERE `nim` = :nim:', [...], false)
 5 APPPATH\Models\MahasiswaModel.php(27): CodeIgniter\Database\BaseBuilder->get()
 6 APPPATH\Controllers\Mahasiswaa.php(57): App\Models\MahasiswaModel->getDataById('2111016210011')
 7 SYSTEMPATH\CodeIgniter.php(932): App\Controllers\Mahasiswaa->edit('2111016210011')
 8 SYSTEMPATH\CodeIgniter.php(497): CodeIgniter\CodeIgniter->runController(Object(App\Controllers\Mahasiswaa))
 9 SYSTEMPATH\CodeIgniter.php(366): CodeIgniter\CodeIgniter->handleRequest(null, Object(Config\Cache), false)
10 FCPATH\index.php(67): CodeIgniter\CodeIgniter->run()
CRITICAL - 2023-10-03 02:13:01 --> Call to undefined function form_open()
in APPPATH\Views\v_mahasiswa_edit.php on line 11.
 1 SYSTEMPATH\View\View.php(224): include()
 2 SYSTEMPATH\View\View.php(227): CodeIgniter\View\View->CodeIgniter\View\{closure}()
 3 SYSTEMPATH\Common.php(1176): CodeIgniter\View\View->render('v_mahasiswa_edit', [], true)
 4 APPPATH\Views\template.php(19): view('v_mahasiswa_edit')
 5 SYSTEMPATH\View\View.php(224): include('C:\\xampp\\htdocs\\codeignite\\cid\\app\\Views\\template.php')
 6 SYSTEMPATH\View\View.php(227): CodeIgniter\View\View->CodeIgniter\View\{closure}()
 7 SYSTEMPATH\Common.php(1176): CodeIgniter\View\View->render('template', [], true)
 8 APPPATH\Controllers\Mahasiswaa.php(60): view('template', [...])
 9 SYSTEMPATH\CodeIgniter.php(932): App\Controllers\Mahasiswaa->edit('2111016210011')
10 SYSTEMPATH\CodeIgniter.php(497): CodeIgniter\CodeIgniter->runController(Object(App\Controllers\Mahasiswaa))
11 SYSTEMPATH\CodeIgniter.php(366): CodeIgniter\CodeIgniter->handleRequest(null, Object(Config\Cache), false)
12 FCPATH\index.php(67): CodeIgniter\CodeIgniter->run()
CRITICAL - 2023-10-03 02:13:56 --> Call to undefined function form_open()
in APPPATH\Views\v_mahasiswa_edit.php on line 11.
 1 SYSTEMPATH\View\View.php(224): include()
 2 SYSTEMPATH\View\View.php(227): CodeIgniter\View\View->CodeIgniter\View\{closure}()
 3 SYSTEMPATH\Common.php(1176): CodeIgniter\View\View->render('v_mahasiswa_edit', [], true)
 4 APPPATH\Views\template.php(19): view('v_mahasiswa_edit')
 5 SYSTEMPATH\View\View.php(224): include('C:\\xampp\\htdocs\\codeignite\\cid\\app\\Views\\template.php')
 6 SYSTEMPATH\View\View.php(227): CodeIgniter\View\View->CodeIgniter\View\{closure}()
 7 SYSTEMPATH\Common.php(1176): CodeIgniter\View\View->render('template', [], true)
 8 APPPATH\Controllers\Mahasiswaa.php(60): view('template', [...])
 9 SYSTEMPATH\CodeIgniter.php(932): App\Controllers\Mahasiswaa->edit('2111016210011')
10 SYSTEMPATH\CodeIgniter.php(497): CodeIgniter\CodeIgniter->runController(Object(App\Controllers\Mahasiswaa))
11 SYSTEMPATH\CodeIgniter.php(366): CodeIgniter\CodeIgniter->handleRequest(null, Object(Config\Cache), false)
12 FCPATH\index.php(67): CodeIgniter\CodeIgniter->run()
CRITICAL - 2023-10-03 02:13:59 --> Call to undefined function form_open()
in APPPATH\Views\v_mahasiswa_edit.php on line 11.
 1 SYSTEMPATH\View\View.php(224): include()
 2 SYSTEMPATH\View\View.php(227): CodeIgniter\View\View->CodeIgniter\View\{closure}()
 3 SYSTEMPATH\Common.php(1176): CodeIgniter\View\View->render('v_mahasiswa_edit', [], true)
 4 APPPATH\Views\template.php(19): view('v_mahasiswa_edit')
 5 SYSTEMPATH\View\View.php(224): include('C:\\xampp\\htdocs\\codeignite\\cid\\app\\Views\\template.php')
 6 SYSTEMPATH\View\View.php(227): CodeIgniter\View\View->CodeIgniter\View\{closure}()
 7 SYSTEMPATH\Common.php(1176): CodeIgniter\View\View->render('template', [], true)
 8 APPPATH\Controllers\Mahasiswaa.php(60): view('template', [...])
 9 SYSTEMPATH\CodeIgniter.php(932): App\Controllers\Mahasiswaa->edit('2111016210011')
10 SYSTEMPATH\CodeIgniter.php(497): CodeIgniter\CodeIgniter->runController(Object(App\Controllers\Mahasiswaa))
11 SYSTEMPATH\CodeIgniter.php(366): CodeIgniter\CodeIgniter->handleRequest(null, Object(Config\Cache), false)
12 FCPATH\index.php(67): CodeIgniter\CodeIgniter->run()
CRITICAL - 2023-10-03 02:14:42 --> Call to undefined function form_open()
in APPPATH\Views\v_mahasiswa_edit.php on line 11.
 1 SYSTEMPATH\View\View.php(224): include()
 2 SYSTEMPATH\View\View.php(227): CodeIgniter\View\View->CodeIgniter\View\{closure}()
 3 SYSTEMPATH\Common.php(1176): CodeIgniter\View\View->render('v_mahasiswa_edit', [], true)
 4 APPPATH\Views\template.php(19): view('v_mahasiswa_edit')
 5 SYSTEMPATH\View\View.php(224): include('C:\\xampp\\htdocs\\codeignite\\cid\\app\\Views\\template.php')
 6 SYSTEMPATH\View\View.php(227): CodeIgniter\View\View->CodeIgniter\View\{closure}()
 7 SYSTEMPATH\Common.php(1176): CodeIgniter\View\View->render('template', [], true)
 8 APPPATH\Controllers\Mahasiswaa.php(61): view('template', [...])
 9 SYSTEMPATH\CodeIgniter.php(932): App\Controllers\Mahasiswaa->edit('2111016210011')
10 SYSTEMPATH\CodeIgniter.php(497): CodeIgniter\CodeIgniter->runController(Object(App\Controllers\Mahasiswaa))
11 SYSTEMPATH\CodeIgniter.php(366): CodeIgniter\CodeIgniter->handleRequest(null, Object(Config\Cache), false)
12 FCPATH\index.php(67): CodeIgniter\CodeIgniter->run()
CRITICAL - 2023-10-03 02:15:07 --> Call to undefined function form_open()
in APPPATH\Views\v_mahasiswa_edit.php on line 11.
 1 SYSTEMPATH\View\View.php(224): include()
 2 SYSTEMPATH\View\View.php(227): CodeIgniter\View\View->CodeIgniter\View\{closure}()
 3 SYSTEMPATH\Common.php(1176): CodeIgniter\View\View->render('v_mahasiswa_edit', [], true)
 4 APPPATH\Views\template.php(19): view('v_mahasiswa_edit')
 5 SYSTEMPATH\View\View.php(224): include('C:\\xampp\\htdocs\\codeignite\\cid\\app\\Views\\template.php')
 6 SYSTEMPATH\View\View.php(227): CodeIgniter\View\View->CodeIgniter\View\{closure}()
 7 SYSTEMPATH\Common.php(1176): CodeIgniter\View\View->render('template', [], true)
 8 APPPATH\Controllers\Mahasiswaa.php(61): view('template', [...])
 9 SYSTEMPATH\CodeIgniter.php(932): App\Controllers\Mahasiswaa->edit('2111016210011')
10 SYSTEMPATH\CodeIgniter.php(497): CodeIgniter\CodeIgniter->runController(Object(App\Controllers\Mahasiswaa))
11 SYSTEMPATH\CodeIgniter.php(366): CodeIgniter\CodeIgniter->handleRequest(null, Object(Config\Cache), false)
12 FCPATH\index.php(67): CodeIgniter\CodeIgniter->run()
CRITICAL - 2023-10-03 02:15:41 --> Call to undefined function form_open()
in APPPATH\Views\v_mahasiswa_edit.php on line 1.
 1 SYSTEMPATH\View\View.php(224): include()
 2 SYSTEMPATH\View\View.php(227): CodeIgniter\View\View->CodeIgniter\View\{closure}()
 3 SYSTEMPATH\Common.php(1176): CodeIgniter\View\View->render('v_mahasiswa_edit', [], true)
 4 APPPATH\Views\template.php(19): view('v_mahasiswa_edit')
 5 SYSTEMPATH\View\View.php(224): include('C:\\xampp\\htdocs\\codeignite\\cid\\app\\Views\\template.php')
 6 SYSTEMPATH\View\View.php(227): CodeIgniter\View\View->CodeIgniter\View\{closure}()
 7 SYSTEMPATH\Common.php(1176): CodeIgniter\View\View->render('template', [], true)
 8 APPPATH\Controllers\Mahasiswaa.php(61): view('template', [...])
 9 SYSTEMPATH\CodeIgniter.php(932): App\Controllers\Mahasiswaa->edit('2111016210011')
10 SYSTEMPATH\CodeIgniter.php(497): CodeIgniter\CodeIgniter->runController(Object(App\Controllers\Mahasiswaa))
11 SYSTEMPATH\CodeIgniter.php(366): CodeIgniter\CodeIgniter->handleRequest(null, Object(Config\Cache), false)
12 FCPATH\index.php(67): CodeIgniter\CodeIgniter->run()
CRITICAL - 2023-10-03 02:15:58 --> Call to undefined function form_open()
in APPPATH\Views\v_mahasiswa_edit.php on line 1.
 1 SYSTEMPATH\View\View.php(224): include()
 2 SYSTEMPATH\View\View.php(227): CodeIgniter\View\View->CodeIgniter\View\{closure}()
 3 SYSTEMPATH\Common.php(1176): CodeIgniter\View\View->render('v_mahasiswa_edit', [], true)
 4 APPPATH\Views\template.php(19): view('v_mahasiswa_edit')
 5 SYSTEMPATH\View\View.php(224): include('C:\\xampp\\htdocs\\codeignite\\cid\\app\\Views\\template.php')
 6 SYSTEMPATH\View\View.php(227): CodeIgniter\View\View->CodeIgniter\View\{closure}()
 7 SYSTEMPATH\Common.php(1176): CodeIgniter\View\View->render('template', [], true)
 8 APPPATH\Controllers\Mahasiswaa.php(61): view('template', [...])
 9 SYSTEMPATH\CodeIgniter.php(932): App\Controllers\Mahasiswaa->edit('2111016210011')
10 SYSTEMPATH\CodeIgniter.php(497): CodeIgniter\CodeIgniter->runController(Object(App\Controllers\Mahasiswaa))
11 SYSTEMPATH\CodeIgniter.php(366): CodeIgniter\CodeIgniter->handleRequest(null, Object(Config\Cache), false)
12 FCPATH\index.php(67): CodeIgniter\CodeIgniter->run()
CRITICAL - 2023-10-03 02:16:51 --> Call to undefined function form_open()
in APPPATH\Views\v_mahasiswa_edit.php on line 1.
 1 SYSTEMPATH\View\View.php(224): include()
 2 SYSTEMPATH\View\View.php(227): CodeIgniter\View\View->CodeIgniter\View\{closure}()
 3 SYSTEMPATH\Common.php(1176): CodeIgniter\View\View->render('v_mahasiswa_edit', [], true)
 4 APPPATH\Views\template.php(19): view('v_mahasiswa_edit')
 5 SYSTEMPATH\View\View.php(224): include('C:\\xampp\\htdocs\\codeignite\\cid\\app\\Views\\template.php')
 6 SYSTEMPATH\View\View.php(227): CodeIgniter\View\View->CodeIgniter\View\{closure}()
 7 SYSTEMPATH\Common.php(1176): CodeIgniter\View\View->render('template', [], true)
 8 APPPATH\Controllers\Mahasiswaa.php(61): view('template', [...])
 9 SYSTEMPATH\CodeIgniter.php(932): App\Controllers\Mahasiswaa->edit('2111016210011')
10 SYSTEMPATH\CodeIgniter.php(497): CodeIgniter\CodeIgniter->runController(Object(App\Controllers\Mahasiswaa))
11 SYSTEMPATH\CodeIgniter.php(366): CodeIgniter\CodeIgniter->handleRequest(null, Object(Config\Cache), false)
12 FCPATH\index.php(67): CodeIgniter\CodeIgniter->run()
CRITICAL - 2023-10-03 02:17:39 --> Call to undefined function form_open()
in APPPATH\Views\v_mahasiswa_edit.php on line 1.
 1 SYSTEMPATH\View\View.php(224): include()
 2 SYSTEMPATH\View\View.php(227): CodeIgniter\View\View->CodeIgniter\View\{closure}()
 3 SYSTEMPATH\Common.php(1176): CodeIgniter\View\View->render('v_mahasiswa_edit', [], true)
 4 APPPATH\Views\template.php(19): view('v_mahasiswa_edit')
 5 SYSTEMPATH\View\View.php(224): include('C:\\xampp\\htdocs\\codeignite\\cid\\app\\Views\\template.php')
 6 SYSTEMPATH\View\View.php(227): CodeIgniter\View\View->CodeIgniter\View\{closure}()
 7 SYSTEMPATH\Common.php(1176): CodeIgniter\View\View->render('template', [], true)
 8 APPPATH\Controllers\Mahasiswaa.php(61): view('template', [...])
 9 SYSTEMPATH\CodeIgniter.php(932): App\Controllers\Mahasiswaa->edit('2111016210011')
10 SYSTEMPATH\CodeIgniter.php(497): CodeIgniter\CodeIgniter->runController(Object(App\Controllers\Mahasiswaa))
11 SYSTEMPATH\CodeIgniter.php(366): CodeIgniter\CodeIgniter->handleRequest(null, Object(Config\Cache), false)
12 FCPATH\index.php(67): CodeIgniter\CodeIgniter->run()
CRITICAL - 2023-10-03 02:18:14 --> Call to undefined function form_open()
in APPPATH\Views\v_mahasiswa_edit.php on line 1.
 1 SYSTEMPATH\View\View.php(224): include()
 2 SYSTEMPATH\View\View.php(227): CodeIgniter\View\View->CodeIgniter\View\{closure}()
 3 SYSTEMPATH\Common.php(1176): CodeIgniter\View\View->render('v_mahasiswa_edit', [], true)
 4 APPPATH\Views\template.php(19): view('v_mahasiswa_edit')
 5 SYSTEMPATH\View\View.php(224): include('C:\\xampp\\htdocs\\codeignite\\cid\\app\\Views\\template.php')
 6 SYSTEMPATH\View\View.php(227): CodeIgniter\View\View->CodeIgniter\View\{closure}()
 7 SYSTEMPATH\Common.php(1176): CodeIgniter\View\View->render('template', [], true)
 8 APPPATH\Controllers\Mahasiswaa.php(61): view('template', [...])
 9 SYSTEMPATH\CodeIgniter.php(932): App\Controllers\Mahasiswaa->edit('2111016210011')
10 SYSTEMPATH\CodeIgniter.php(497): CodeIgniter\CodeIgniter->runController(Object(App\Controllers\Mahasiswaa))
11 SYSTEMPATH\CodeIgniter.php(366): CodeIgniter\CodeIgniter->handleRequest(null, Object(Config\Cache), false)
12 FCPATH\index.php(67): CodeIgniter\CodeIgniter->run()
CRITICAL - 2023-10-03 02:19:50 --> Call to undefined function form_open()
in APPPATH\Views\v_mahasiswa_edit.php on line 1.
 1 SYSTEMPATH\View\View.php(224): include()
 2 SYSTEMPATH\View\View.php(227): CodeIgniter\View\View->CodeIgniter\View\{closure}()
 3 SYSTEMPATH\Common.php(1176): CodeIgniter\View\View->render('v_mahasiswa_edit', [], true)
 4 APPPATH\Views\template.php(19): view('v_mahasiswa_edit')
 5 SYSTEMPATH\View\View.php(224): include('C:\\xampp\\htdocs\\codeignite\\cid\\app\\Views\\template.php')
 6 SYSTEMPATH\View\View.php(227): CodeIgniter\View\View->CodeIgniter\View\{closure}()
 7 SYSTEMPATH\Common.php(1176): CodeIgniter\View\View->render('template', [], true)
 8 APPPATH\Controllers\Mahasiswaa.php(61): view('template', [...])
 9 SYSTEMPATH\CodeIgniter.php(932): App\Controllers\Mahasiswaa->edit('2111016210011')
10 SYSTEMPATH\CodeIgniter.php(497): CodeIgniter\CodeIgniter->runController(Object(App\Controllers\Mahasiswaa))
11 SYSTEMPATH\CodeIgniter.php(366): CodeIgniter\CodeIgniter->handleRequest(null, Object(Config\Cache), false)
12 FCPATH\index.php(67): CodeIgniter\CodeIgniter->run()
CRITICAL - 2023-10-03 02:21:57 --> Attempt to read property "nim" on null
in APPPATH\Views\v_mahasiswa_edit.php on line 6.
 1 APPPATH\Views\v_mahasiswa_edit.php(6): CodeIgniter\Debug\Exceptions->errorHandler(2, 'Attempt to read property "nim" on null', 'C:\\xampp\\htdocs\\codeignite\\cid\\app\\Views\\v_mahasiswa_edit.php', 6)
 2 SYSTEMPATH\View\View.php(224): include('C:\\xampp\\htdocs\\codeignite\\cid\\app\\Views\\v_mahasiswa_edit.php')
 3 SYSTEMPATH\View\View.php(227): CodeIgniter\View\View->CodeIgniter\View\{closure}()
 4 SYSTEMPATH\Common.php(1176): CodeIgniter\View\View->render('v_mahasiswa_edit', [], true)
 5 APPPATH\Views\template.php(19): view('v_mahasiswa_edit')
 6 SYSTEMPATH\View\View.php(224): include('C:\\xampp\\htdocs\\codeignite\\cid\\app\\Views\\template.php')
 7 SYSTEMPATH\View\View.php(227): CodeIgniter\View\View->CodeIgniter\View\{closure}()
 8 SYSTEMPATH\Common.php(1176): CodeIgniter\View\View->render('template', [], true)
 9 APPPATH\Controllers\Mahasiswaa.php(61): view('template', [...])
10 SYSTEMPATH\CodeIgniter.php(932): App\Controllers\Mahasiswaa->edit('mahasiswaa', 'update')
11 SYSTEMPATH\CodeIgniter.php(497): CodeIgniter\CodeIgniter->runController(Object(App\Controllers\Mahasiswaa))
12 SYSTEMPATH\CodeIgniter.php(366): CodeIgniter\CodeIgniter->handleRequest(null, Object(Config\Cache), false)
13 FCPATH\index.php(67): CodeIgniter\CodeIgniter->run()
CRITICAL - 2023-10-03 02:25:07 --> Attempt to read property "nim" on null
in APPPATH\Views\v_mahasiswa_edit.php on line 6.
 1 APPPATH\Views\v_mahasiswa_edit.php(6): CodeIgniter\Debug\Exceptions->errorHandler(2, 'Attempt to read property "nim" on null', 'C:\\xampp\\htdocs\\codeignite\\cid\\app\\Views\\v_mahasiswa_edit.php', 6)
 2 SYSTEMPATH\View\View.php(224): include('C:\\xampp\\htdocs\\codeignite\\cid\\app\\Views\\v_mahasiswa_edit.php')
 3 SYSTEMPATH\View\View.php(227): CodeIgniter\View\View->CodeIgniter\View\{closure}()
 4 SYSTEMPATH\Common.php(1176): CodeIgniter\View\View->render('v_mahasiswa_edit', [], true)
 5 APPPATH\Views\template.php(19): view('v_mahasiswa_edit')
 6 SYSTEMPATH\View\View.php(224): include('C:\\xampp\\htdocs\\codeignite\\cid\\app\\Views\\template.php')
 7 SYSTEMPATH\View\View.php(227): CodeIgniter\View\View->CodeIgniter\View\{closure}()
 8 SYSTEMPATH\Common.php(1176): CodeIgniter\View\View->render('template', [], true)
 9 APPPATH\Controllers\Mahasiswaa.php(61): view('template', [...])
10 SYSTEMPATH\CodeIgniter.php(932): App\Controllers\Mahasiswaa->edit('mahasiswaa', 'update')
11 SYSTEMPATH\CodeIgniter.php(497): CodeIgniter\CodeIgniter->runController(Object(App\Controllers\Mahasiswaa))
12 SYSTEMPATH\CodeIgniter.php(366): CodeIgniter\CodeIgniter->handleRequest(null, Object(Config\Cache), false)
13 FCPATH\index.php(67): CodeIgniter\CodeIgniter->run()
CRITICAL - 2023-10-03 02:25:25 --> unlink(C:\xampp\htdocs\codeignite\cid\writable\debugbar/debugbar_1696299420.367434.json): No such file or directory
in SYSTEMPATH\Debug\Toolbar\Collectors\History.php on line 76.
 1 [internal function]: CodeIgniter\Debug\Exceptions->errorHandler(2, 'unlink(C:\\xampp\\htdocs\\codeignite\\cid\\writable\\debugbar/debugbar_1696299420.367434.json): No such file or directory', 'C:\\xampp\\htdocs\\codeignite\\cid\\system\\Debug\\Toolbar\\Collectors\\History.php', 76)
 2 SYSTEMPATH\Debug\Toolbar\Collectors\History.php(76): unlink('C:\\xampp\\htdocs\\codeignite\\cid\\writable\\debugbar/debugbar_1696299420.367434.json')
 3 SYSTEMPATH\Debug\Toolbar.php(495): CodeIgniter\Debug\Toolbar\Collectors\History->setFiles('1696299922.452836', 20)
 4 SYSTEMPATH\Debug\Toolbar.php(474): CodeIgniter\Debug\Toolbar->format([...], 'html')
 5 APPPATH\Config\Events.php(46): CodeIgniter\Debug\Toolbar->respond()
 6 SYSTEMPATH\Events\Events.php(148): CodeIgniter\Events\Events::Config\{closure}()
 7 SYSTEMPATH\CodeIgniter.php(348): CodeIgniter\Events\Events::trigger('pre_system')
 8 FCPATH\index.php(67): CodeIgniter\CodeIgniter->run()
CRITICAL - 2023-10-03 02:26:41 --> Attempt to read property "nim" on null
in APPPATH\Views\v_mahasiswa_edit.php on line 6.
 1 APPPATH\Views\v_mahasiswa_edit.php(6): CodeIgniter\Debug\Exceptions->errorHandler(2, 'Attempt to read property "nim" on null', 'C:\\xampp\\htdocs\\codeignite\\cid\\app\\Views\\v_mahasiswa_edit.php', 6)
 2 SYSTEMPATH\View\View.php(224): include('C:\\xampp\\htdocs\\codeignite\\cid\\app\\Views\\v_mahasiswa_edit.php')
 3 SYSTEMPATH\View\View.php(227): CodeIgniter\View\View->CodeIgniter\View\{closure}()
 4 SYSTEMPATH\Common.php(1176): CodeIgniter\View\View->render('v_mahasiswa_edit', [], true)
 5 APPPATH\Views\template.php(19): view('v_mahasiswa_edit')
 6 SYSTEMPATH\View\View.php(224): include('C:\\xampp\\htdocs\\codeignite\\cid\\app\\Views\\template.php')
 7 SYSTEMPATH\View\View.php(227): CodeIgniter\View\View->CodeIgniter\View\{closure}()
 8 SYSTEMPATH\Common.php(1176): CodeIgniter\View\View->render('template', [], true)
 9 APPPATH\Controllers\Mahasiswaa.php(61): view('template', [...])
10 SYSTEMPATH\CodeIgniter.php(932): App\Controllers\Mahasiswaa->edit('mahasiswaa', 'update')
11 SYSTEMPATH\CodeIgniter.php(497): CodeIgniter\CodeIgniter->runController(Object(App\Controllers\Mahasiswaa))
12 SYSTEMPATH\CodeIgniter.php(366): CodeIgniter\CodeIgniter->handleRequest(null, Object(Config\Cache), false)
13 FCPATH\index.php(67): CodeIgniter\CodeIgniter->run()
CRITICAL - 2023-10-03 02:30:47 --> Attempt to read property "nim" on null
in APPPATH\Views\v_mahasiswa_edit.php on line 6.
 1 APPPATH\Views\v_mahasiswa_edit.php(6): CodeIgniter\Debug\Exceptions->errorHandler(2, 'Attempt to read property "nim" on null', 'C:\\xampp\\htdocs\\codeignite\\cid\\app\\Views\\v_mahasiswa_edit.php', 6)
 2 SYSTEMPATH\View\View.php(224): include('C:\\xampp\\htdocs\\codeignite\\cid\\app\\Views\\v_mahasiswa_edit.php')
 3 SYSTEMPATH\View\View.php(227): CodeIgniter\View\View->CodeIgniter\View\{closure}()
 4 SYSTEMPATH\Common.php(1176): CodeIgniter\View\View->render('v_mahasiswa_edit', [], true)
 5 APPPATH\Views\template.php(19): view('v_mahasiswa_edit')
 6 SYSTEMPATH\View\View.php(224): include('C:\\xampp\\htdocs\\codeignite\\cid\\app\\Views\\template.php')
 7 SYSTEMPATH\View\View.php(227): CodeIgniter\View\View->CodeIgniter\View\{closure}()
 8 SYSTEMPATH\Common.php(1176): CodeIgniter\View\View->render('template', [], true)
 9 APPPATH\Controllers\Mahasiswaa.php(61): view('template', [...])
10 SYSTEMPATH\CodeIgniter.php(932): App\Controllers\Mahasiswaa->edit('update')
11 SYSTEMPATH\CodeIgniter.php(497): CodeIgniter\CodeIgniter->runController(Object(App\Controllers\Mahasiswaa))
12 SYSTEMPATH\CodeIgniter.php(366): CodeIgniter\CodeIgniter->handleRequest(null, Object(Config\Cache), false)
13 FCPATH\index.php(67): CodeIgniter\CodeIgniter->run()
CRITICAL - 2023-10-03 02:34:04 --> Cannot use object of type stdClass as array
in APPPATH\Views\v_mahasiswa_edit.php on line 12.
 1 SYSTEMPATH\View\View.php(224): include()
 2 SYSTEMPATH\View\View.php(227): CodeIgniter\View\View->CodeIgniter\View\{closure}()
 3 SYSTEMPATH\Common.php(1176): CodeIgniter\View\View->render('v_mahasiswa_edit', [], true)
 4 APPPATH\Views\template.php(19): view('v_mahasiswa_edit')
 5 SYSTEMPATH\View\View.php(224): include('C:\\xampp\\htdocs\\codeignite\\cid\\app\\Views\\template.php')
 6 SYSTEMPATH\View\View.php(227): CodeIgniter\View\View->CodeIgniter\View\{closure}()
 7 SYSTEMPATH\Common.php(1176): CodeIgniter\View\View->render('template', [], true)
 8 APPPATH\Controllers\Mahasiswaa.php(61): view('template', [...])
 9 SYSTEMPATH\CodeIgniter.php(932): App\Controllers\Mahasiswaa->edit('2111016210015')
10 SYSTEMPATH\CodeIgniter.php(497): CodeIgniter\CodeIgniter->runController(Object(App\Controllers\Mahasiswaa))
11 SYSTEMPATH\CodeIgniter.php(366): CodeIgniter\CodeIgniter->handleRequest(null, Object(Config\Cache), false)
12 FCPATH\index.php(67): CodeIgniter\CodeIgniter->run()
CRITICAL - 2023-10-03 02:34:07 --> Cannot use object of type stdClass as array
in APPPATH\Views\v_mahasiswa_edit.php on line 12.
 1 SYSTEMPATH\View\View.php(224): include()
 2 SYSTEMPATH\View\View.php(227): CodeIgniter\View\View->CodeIgniter\View\{closure}()
 3 SYSTEMPATH\Common.php(1176): CodeIgniter\View\View->render('v_mahasiswa_edit', [], true)
 4 APPPATH\Views\template.php(19): view('v_mahasiswa_edit')
 5 SYSTEMPATH\View\View.php(224): include('C:\\xampp\\htdocs\\codeignite\\cid\\app\\Views\\template.php')
 6 SYSTEMPATH\View\View.php(227): CodeIgniter\View\View->CodeIgniter\View\{closure}()
 7 SYSTEMPATH\Common.php(1176): CodeIgniter\View\View->render('template', [], true)
 8 APPPATH\Controllers\Mahasiswaa.php(61): view('template', [...])
 9 SYSTEMPATH\CodeIgniter.php(932): App\Controllers\Mahasiswaa->edit('2111016210011')
10 SYSTEMPATH\CodeIgniter.php(497): CodeIgniter\CodeIgniter->runController(Object(App\Controllers\Mahasiswaa))
11 SYSTEMPATH\CodeIgniter.php(366): CodeIgniter\CodeIgniter->handleRequest(null, Object(Config\Cache), false)
12 FCPATH\index.php(67): CodeIgniter\CodeIgniter->run()
CRITICAL - 2023-10-03 02:34:35 --> Attempt to read property "nim" on null
in APPPATH\Views\v_mahasiswa_edit.php on line 6.
 1 APPPATH\Views\v_mahasiswa_edit.php(6): CodeIgniter\Debug\Exceptions->errorHandler(2, 'Attempt to read property "nim" on null', 'C:\\xampp\\htdocs\\codeignite\\cid\\app\\Views\\v_mahasiswa_edit.php', 6)
 2 SYSTEMPATH\View\View.php(224): include('C:\\xampp\\htdocs\\codeignite\\cid\\app\\Views\\v_mahasiswa_edit.php')
 3 SYSTEMPATH\View\View.php(227): CodeIgniter\View\View->CodeIgniter\View\{closure}()
 4 SYSTEMPATH\Common.php(1176): CodeIgniter\View\View->render('v_mahasiswa_edit', [], true)
 5 APPPATH\Views\template.php(19): view('v_mahasiswa_edit')
 6 SYSTEMPATH\View\View.php(224): include('C:\\xampp\\htdocs\\codeignite\\cid\\app\\Views\\template.php')
 7 SYSTEMPATH\View\View.php(227): CodeIgniter\View\View->CodeIgniter\View\{closure}()
 8 SYSTEMPATH\Common.php(1176): CodeIgniter\View\View->render('template', [], true)
 9 APPPATH\Controllers\Mahasiswaa.php(61): view('template', [...])
10 SYSTEMPATH\CodeIgniter.php(932): App\Controllers\Mahasiswaa->edit('mahasiswaa', 'update')
11 SYSTEMPATH\CodeIgniter.php(497): CodeIgniter\CodeIgniter->runController(Object(App\Controllers\Mahasiswaa))
12 SYSTEMPATH\CodeIgniter.php(366): CodeIgniter\CodeIgniter->handleRequest(null, Object(Config\Cache), false)
13 FCPATH\index.php(67): CodeIgniter\CodeIgniter->run()
ERROR - 2023-10-03 02:42:23 --> mysqli_sql_exception: Column 'nim' cannot be null in C:\xampp\htdocs\codeignite\cid\system\Database\MySQLi\Connection.php:295
Stack trace:
#0 C:\xampp\htdocs\codeignite\cid\system\Database\MySQLi\Connection.php(295): mysqli->query('INSERT INTO `tb...', 0)
#1 C:\xampp\htdocs\codeignite\cid\system\Database\BaseConnection.php(692): CodeIgniter\Database\MySQLi\Connection->execute('INSERT INTO `tb...')
#2 C:\xampp\htdocs\codeignite\cid\system\Database\BaseConnection.php(606): CodeIgniter\Database\BaseConnection->simpleQuery('INSERT INTO `tb...')
#3 C:\xampp\htdocs\codeignite\cid\system\Database\BaseBuilder.php(2309): CodeIgniter\Database\BaseConnection->query('INSERT INTO `tb...', Array, false)
#4 C:\xampp\htdocs\codeignite\cid\app\Models\MahasiswaModel.php(20): CodeIgniter\Database\BaseBuilder->insert(Array)
#5 C:\xampp\htdocs\codeignite\cid\app\Controllers\Mahasiswaa.php(36): App\Models\MahasiswaModel->insertData(Array)
#6 C:\xampp\htdocs\codeignite\cid\system\CodeIgniter.php(932): App\Controllers\Mahasiswaa->submit()
#7 C:\xampp\htdocs\codeignite\cid\system\CodeIgniter.php(497): CodeIgniter\CodeIgniter->runController(Object(App\Controllers\Mahasiswaa))
#8 C:\xampp\htdocs\codeignite\cid\system\CodeIgniter.php(366): CodeIgniter\CodeIgniter->handleRequest(NULL, Object(Config\Cache), false)
#9 C:\xampp\htdocs\codeignite\cid\public\index.php(67): CodeIgniter\CodeIgniter->run()
#10 {main}
CRITICAL - 2023-10-03 02:42:23 --> Column 'nim' cannot be null
in SYSTEMPATH\Database\MySQLi\Connection.php on line 295.
 1 SYSTEMPATH\Database\MySQLi\Connection.php(295): mysqli->query('INSERT INTO `tb_mahasiswa` (`nim`, `nama_mhs`, `jenis_kelamin`, `tgl_lahir`, `alamat`) VALUES (NULL, NULL, NULL, NULL, NULL)', 0)
 2 SYSTEMPATH\Database\BaseConnection.php(692): CodeIgniter\Database\MySQLi\Connection->execute('INSERT INTO `tb_mahasiswa` (`nim`, `nama_mhs`, `jenis_kelamin`, `tgl_lahir`, `alamat`) VALUES (NULL, NULL, NULL, NULL, NULL)')
 3 SYSTEMPATH\Database\BaseConnection.php(606): CodeIgniter\Database\BaseConnection->simpleQuery('INSERT INTO `tb_mahasiswa` (`nim`, `nama_mhs`, `jenis_kelamin`, `tgl_lahir`, `alamat`) VALUES (NULL, NULL, NULL, NULL, NULL)')
 4 SYSTEMPATH\Database\BaseBuilder.php(2309): CodeIgniter\Database\BaseConnection->query('INSERT INTO `tb_mahasiswa` (`nim`, `nama_mhs`, `jenis_kelamin`, `tgl_lahir`, `alamat`) VALUES (:nim:, :nama_mhs:, :jenis_kelamin:, :tgl_lahir:, :alamat:)', [...], false)
 5 APPPATH\Models\MahasiswaModel.php(20): CodeIgniter\Database\BaseBuilder->insert([...])
 6 APPPATH\Controllers\Mahasiswaa.php(36): App\Models\MahasiswaModel->insertData([...])
 7 SYSTEMPATH\CodeIgniter.php(932): App\Controllers\Mahasiswaa->submit()
 8 SYSTEMPATH\CodeIgniter.php(497): CodeIgniter\CodeIgniter->runController(Object(App\Controllers\Mahasiswaa))
 9 SYSTEMPATH\CodeIgniter.php(366): CodeIgniter\CodeIgniter->handleRequest(null, Object(Config\Cache), false)
10 FCPATH\index.php(67): CodeIgniter\CodeIgniter->run()
ERROR - 2023-10-03 02:57:02 --> mysqli_sql_exception: Table 'db_akademik.mahasiswa' doesn't exist in C:\xampp\htdocs\codeignite\cid\system\Database\MySQLi\Connection.php:295
Stack trace:
#0 C:\xampp\htdocs\codeignite\cid\system\Database\MySQLi\Connection.php(295): mysqli->query('DELETE FROM `ma...', 0)
#1 C:\xampp\htdocs\codeignite\cid\system\Database\BaseConnection.php(692): CodeIgniter\Database\MySQLi\Connection->execute('DELETE FROM `ma...')
#2 C:\xampp\htdocs\codeignite\cid\system\Database\BaseConnection.php(606): CodeIgniter\Database\BaseConnection->simpleQuery('DELETE FROM `ma...')
#3 C:\xampp\htdocs\codeignite\cid\system\Database\BaseBuilder.php(2791): CodeIgniter\Database\BaseConnection->query('DELETE FROM `ma...', Array, false)
#4 C:\xampp\htdocs\codeignite\cid\app\Models\MahasiswaModel.php(41): CodeIgniter\Database\BaseBuilder->delete()
#5 C:\xampp\htdocs\codeignite\cid\app\Controllers\Mahasiswaa.php(96): App\Models\MahasiswaModel->deleteData('2111016210016')
#6 C:\xampp\htdocs\codeignite\cid\system\CodeIgniter.php(932): App\Controllers\Mahasiswaa->delete('2111016210016')
#7 C:\xampp\htdocs\codeignite\cid\system\CodeIgniter.php(497): CodeIgniter\CodeIgniter->runController(Object(App\Controllers\Mahasiswaa))
#8 C:\xampp\htdocs\codeignite\cid\system\CodeIgniter.php(366): CodeIgniter\CodeIgniter->handleRequest(NULL, Object(Config\Cache), false)
#9 C:\xampp\htdocs\codeignite\cid\public\index.php(67): CodeIgniter\CodeIgniter->run()
#10 {main}
CRITICAL - 2023-10-03 02:57:02 --> Table 'db_akademik.mahasiswa' doesn't exist
in SYSTEMPATH\Database\MySQLi\Connection.php on line 295.
 1 SYSTEMPATH\Database\MySQLi\Connection.php(295): mysqli->query('DELETE FROM `mahasiswa`
WHERE `nim` = \'2111016210016\'', 0)
 2 SYSTEMPATH\Database\BaseConnection.php(692): CodeIgniter\Database\MySQLi\Connection->execute('DELETE FROM `mahasiswa`
WHERE `nim` = \'2111016210016\'')
 3 SYSTEMPATH\Database\BaseConnection.php(606): CodeIgniter\Database\BaseConnection->simpleQuery('DELETE FROM `mahasiswa`
WHERE `nim` = \'2111016210016\'')
 4 SYSTEMPATH\Database\BaseBuilder.php(2791): CodeIgniter\Database\BaseConnection->query('DELETE FROM `mahasiswa`
WHERE `nim` = :nim:', [...], false)
 5 APPPATH\Models\MahasiswaModel.php(41): CodeIgniter\Database\BaseBuilder->delete()
 6 APPPATH\Controllers\Mahasiswaa.php(96): App\Models\MahasiswaModel->deleteData('2111016210016')
 7 SYSTEMPATH\CodeIgniter.php(932): App\Controllers\Mahasiswaa->delete('2111016210016')
 8 SYSTEMPATH\CodeIgniter.php(497): CodeIgniter\CodeIgniter->runController(Object(App\Controllers\Mahasiswaa))
 9 SYSTEMPATH\CodeIgniter.php(366): CodeIgniter\CodeIgniter->handleRequest(null, Object(Config\Cache), false)
10 FCPATH\index.php(67): CodeIgniter\CodeIgniter->run()
CRITICAL - 2023-10-03 03:25:12 --> Call to undefined function form_open()
in APPPATH\Views\v_matakuliah_add.php on line 1.
 1 SYSTEMPATH\View\View.php(224): include()
 2 SYSTEMPATH\View\View.php(227): CodeIgniter\View\View->CodeIgniter\View\{closure}()
 3 SYSTEMPATH\Common.php(1176): CodeIgniter\View\View->render('v_matakuliah_add', [], true)
 4 APPPATH\Views\template.php(19): view('v_matakuliah_add')
 5 SYSTEMPATH\View\View.php(224): include('C:\\xampp\\htdocs\\codeignite\\cid\\app\\Views\\template.php')
 6 SYSTEMPATH\View\View.php(227): CodeIgniter\View\View->CodeIgniter\View\{closure}()
 7 SYSTEMPATH\Common.php(1176): CodeIgniter\View\View->render('template', [], true)
 8 APPPATH\Controllers\MatakuliahC.php(30): view('template', [...])
 9 SYSTEMPATH\CodeIgniter.php(932): App\Controllers\MatakuliahC->add()
10 SYSTEMPATH\CodeIgniter.php(497): CodeIgniter\CodeIgniter->runController(Object(App\Controllers\MatakuliahC))
11 SYSTEMPATH\CodeIgniter.php(366): CodeIgniter\CodeIgniter->handleRequest(null, Object(Config\Cache), false)
12 FCPATH\index.php(67): CodeIgniter\CodeIgniter->run()
CRITICAL - 2023-10-03 03:27:18 --> Undefined property: stdClass::$nim
in APPPATH\Views\v_matakuliah.php on line 31.
 1 APPPATH\Views\v_matakuliah.php(31): CodeIgniter\Debug\Exceptions->errorHandler(2, 'Undefined property: stdClass::$nim', 'C:\\xampp\\htdocs\\codeignite\\cid\\app\\Views\\v_matakuliah.php', 31)
 2 SYSTEMPATH\View\View.php(224): include('C:\\xampp\\htdocs\\codeignite\\cid\\app\\Views\\v_matakuliah.php')
 3 SYSTEMPATH\View\View.php(227): CodeIgniter\View\View->CodeIgniter\View\{closure}()
 4 SYSTEMPATH\Common.php(1176): CodeIgniter\View\View->render('v_matakuliah.php', [], true)
 5 APPPATH\Views\template.php(19): view('v_matakuliah.php')
 6 SYSTEMPATH\View\View.php(224): include('C:\\xampp\\htdocs\\codeignite\\cid\\app\\Views\\template.php')
 7 SYSTEMPATH\View\View.php(227): CodeIgniter\View\View->CodeIgniter\View\{closure}()
 8 SYSTEMPATH\Common.php(1176): CodeIgniter\View\View->render('template', [], true)
 9 APPPATH\Controllers\MatakuliahC.php(21): view('template', [...])
10 SYSTEMPATH\CodeIgniter.php(932): App\Controllers\MatakuliahC->index()
11 SYSTEMPATH\CodeIgniter.php(497): CodeIgniter\CodeIgniter->runController(Object(App\Controllers\MatakuliahC))
12 SYSTEMPATH\CodeIgniter.php(366): CodeIgniter\CodeIgniter->handleRequest(null, Object(Config\Cache), false)
13 FCPATH\index.php(67): CodeIgniter\CodeIgniter->run()
ERROR - 2023-10-03 03:27:53 --> mysqli_sql_exception: Duplicate entry '21221' for key 'PRIMARY' in C:\xampp\htdocs\codeignite\cid\system\Database\MySQLi\Connection.php:295
Stack trace:
#0 C:\xampp\htdocs\codeignite\cid\system\Database\MySQLi\Connection.php(295): mysqli->query('INSERT INTO `tb...', 0)
#1 C:\xampp\htdocs\codeignite\cid\system\Database\BaseConnection.php(692): CodeIgniter\Database\MySQLi\Connection->execute('INSERT INTO `tb...')
#2 C:\xampp\htdocs\codeignite\cid\system\Database\BaseConnection.php(606): CodeIgniter\Database\BaseConnection->simpleQuery('INSERT INTO `tb...')
#3 C:\xampp\htdocs\codeignite\cid\system\Database\BaseBuilder.php(2309): CodeIgniter\Database\BaseConnection->query('INSERT INTO `tb...', Array, false)
#4 C:\xampp\htdocs\codeignite\cid\app\Models\MatakuliahModel.php(20): CodeIgniter\Database\BaseBuilder->insert(Array)
#5 C:\xampp\htdocs\codeignite\cid\app\Controllers\MatakuliahC.php(44): App\Models\MatakuliahModel->insertData(Array)
#6 C:\xampp\htdocs\codeignite\cid\system\CodeIgniter.php(932): App\Controllers\MatakuliahC->submit()
#7 C:\xampp\htdocs\codeignite\cid\system\CodeIgniter.php(497): CodeIgniter\CodeIgniter->runController(Object(App\Controllers\MatakuliahC))
#8 C:\xampp\htdocs\codeignite\cid\system\CodeIgniter.php(366): CodeIgniter\CodeIgniter->handleRequest(NULL, Object(Config\Cache), false)
#9 C:\xampp\htdocs\codeignite\cid\public\index.php(67): CodeIgniter\CodeIgniter->run()
#10 {main}
CRITICAL - 2023-10-03 03:27:53 --> Duplicate entry '21221' for key 'PRIMARY'
in SYSTEMPATH\Database\MySQLi\Connection.php on line 295.
 1 SYSTEMPATH\Database\MySQLi\Connection.php(295): mysqli->query('INSERT INTO `tb_matakuliah` (`kode_mk`, `nama_mk`, `sks`) VALUES (\'21221\', \'Weblan\', \'4\')', 0)
 2 SYSTEMPATH\Database\BaseConnection.php(692): CodeIgniter\Database\MySQLi\Connection->execute('INSERT INTO `tb_matakuliah` (`kode_mk`, `nama_mk`, `sks`) VALUES (\'21221\', \'Weblan\', \'4\')')
 3 SYSTEMPATH\Database\BaseConnection.php(606): CodeIgniter\Database\BaseConnection->simpleQuery('INSERT INTO `tb_matakuliah` (`kode_mk`, `nama_mk`, `sks`) VALUES (\'21221\', \'Weblan\', \'4\')')
 4 SYSTEMPATH\Database\BaseBuilder.php(2309): CodeIgniter\Database\BaseConnection->query('INSERT INTO `tb_matakuliah` (`kode_mk`, `nama_mk`, `sks`) VALUES (:kode_mk:, :nama_mk:, :sks:)', [...], false)
 5 APPPATH\Models\MatakuliahModel.php(20): CodeIgniter\Database\BaseBuilder->insert([...])
 6 APPPATH\Controllers\MatakuliahC.php(44): App\Models\MatakuliahModel->insertData([...])
 7 SYSTEMPATH\CodeIgniter.php(932): App\Controllers\MatakuliahC->submit()
 8 SYSTEMPATH\CodeIgniter.php(497): CodeIgniter\CodeIgniter->runController(Object(App\Controllers\MatakuliahC))
 9 SYSTEMPATH\CodeIgniter.php(366): CodeIgniter\CodeIgniter->handleRequest(null, Object(Config\Cache), false)
10 FCPATH\index.php(67): CodeIgniter\CodeIgniter->run()
CRITICAL - 2023-10-03 03:28:05 --> Undefined property: stdClass::$jenis_kelamin
in APPPATH\Views\v_matakuliah.php on line 33.
 1 APPPATH\Views\v_matakuliah.php(33): CodeIgniter\Debug\Exceptions->errorHandler(2, 'Undefined property: stdClass::$jenis_kelamin', 'C:\\xampp\\htdocs\\codeignite\\cid\\app\\Views\\v_matakuliah.php', 33)
 2 SYSTEMPATH\View\View.php(224): include('C:\\xampp\\htdocs\\codeignite\\cid\\app\\Views\\v_matakuliah.php')
 3 SYSTEMPATH\View\View.php(227): CodeIgniter\View\View->CodeIgniter\View\{closure}()
 4 SYSTEMPATH\Common.php(1176): CodeIgniter\View\View->render('v_matakuliah.php', [], true)
 5 APPPATH\Views\template.php(19): view('v_matakuliah.php')
 6 SYSTEMPATH\View\View.php(224): include('C:\\xampp\\htdocs\\codeignite\\cid\\app\\Views\\template.php')
 7 SYSTEMPATH\View\View.php(227): CodeIgniter\View\View->CodeIgniter\View\{closure}()
 8 SYSTEMPATH\Common.php(1176): CodeIgniter\View\View->render('template', [], true)
 9 APPPATH\Controllers\MatakuliahC.php(21): view('template', [...])
10 SYSTEMPATH\CodeIgniter.php(932): App\Controllers\MatakuliahC->index()
11 SYSTEMPATH\CodeIgniter.php(497): CodeIgniter\CodeIgniter->runController(Object(App\Controllers\MatakuliahC))
12 SYSTEMPATH\CodeIgniter.php(366): CodeIgniter\CodeIgniter->handleRequest(null, Object(Config\Cache), false)
13 FCPATH\index.php(67): CodeIgniter\CodeIgniter->run()
CRITICAL - 2023-10-03 03:28:14 --> Undefined property: stdClass::$jenis_kelamin
in APPPATH\Views\v_matakuliah.php on line 33.
 1 APPPATH\Views\v_matakuliah.php(33): CodeIgniter\Debug\Exceptions->errorHandler(2, 'Undefined property: stdClass::$jenis_kelamin', 'C:\\xampp\\htdocs\\codeignite\\cid\\app\\Views\\v_matakuliah.php', 33)
 2 SYSTEMPATH\View\View.php(224): include('C:\\xampp\\htdocs\\codeignite\\cid\\app\\Views\\v_matakuliah.php')
 3 SYSTEMPATH\View\View.php(227): CodeIgniter\View\View->CodeIgniter\View\{closure}()
 4 SYSTEMPATH\Common.php(1176): CodeIgniter\View\View->render('v_matakuliah.php', [], true)
 5 APPPATH\Views\template.php(19): view('v_matakuliah.php')
 6 SYSTEMPATH\View\View.php(224): include('C:\\xampp\\htdocs\\codeignite\\cid\\app\\Views\\template.php')
 7 SYSTEMPATH\View\View.php(227): CodeIgniter\View\View->CodeIgniter\View\{closure}()
 8 SYSTEMPATH\Common.php(1176): CodeIgniter\View\View->render('template', [], true)
 9 APPPATH\Controllers\MatakuliahC.php(21): view('template', [...])
10 SYSTEMPATH\CodeIgniter.php(932): App\Controllers\MatakuliahC->index()
11 SYSTEMPATH\CodeIgniter.php(497): CodeIgniter\CodeIgniter->runController(Object(App\Controllers\MatakuliahC))
12 SYSTEMPATH\CodeIgniter.php(366): CodeIgniter\CodeIgniter->handleRequest(null, Object(Config\Cache), false)
13 FCPATH\index.php(67): CodeIgniter\CodeIgniter->run()
CRITICAL - 2023-10-03 03:28:29 --> Undefined property: stdClass::$nim
in APPPATH\Views\v_matakuliah.php on line 35.
 1 APPPATH\Views\v_matakuliah.php(35): CodeIgniter\Debug\Exceptions->errorHandler(2, 'Undefined property: stdClass::$nim', 'C:\\xampp\\htdocs\\codeignite\\cid\\app\\Views\\v_matakuliah.php', 35)
 2 SYSTEMPATH\View\View.php(224): include('C:\\xampp\\htdocs\\codeignite\\cid\\app\\Views\\v_matakuliah.php')
 3 SYSTEMPATH\View\View.php(227): CodeIgniter\View\View->CodeIgniter\View\{closure}()
 4 SYSTEMPATH\Common.php(1176): CodeIgniter\View\View->render('v_matakuliah.php', [], true)
 5 APPPATH\Views\template.php(19): view('v_matakuliah.php')
 6 SYSTEMPATH\View\View.php(224): include('C:\\xampp\\htdocs\\codeignite\\cid\\app\\Views\\template.php')
 7 SYSTEMPATH\View\View.php(227): CodeIgniter\View\View->CodeIgniter\View\{closure}()
 8 SYSTEMPATH\Common.php(1176): CodeIgniter\View\View->render('template', [], true)
 9 APPPATH\Controllers\MatakuliahC.php(21): view('template', [...])
10 SYSTEMPATH\CodeIgniter.php(932): App\Controllers\MatakuliahC->index()
11 SYSTEMPATH\CodeIgniter.php(497): CodeIgniter\CodeIgniter->runController(Object(App\Controllers\MatakuliahC))
12 SYSTEMPATH\CodeIgniter.php(366): CodeIgniter\CodeIgniter->handleRequest(null, Object(Config\Cache), false)
13 FCPATH\index.php(67): CodeIgniter\CodeIgniter->run()
CRITICAL - 2023-10-03 03:32:12 --> Attempt to read property "nim" on null
in APPPATH\Views\v_mahasiswa_edit.php on line 7.
 1 APPPATH\Views\v_mahasiswa_edit.php(7): CodeIgniter\Debug\Exceptions->errorHandler(2, 'Attempt to read property "nim" on null', 'C:\\xampp\\htdocs\\codeignite\\cid\\app\\Views\\v_mahasiswa_edit.php', 7)
 2 SYSTEMPATH\View\View.php(224): include('C:\\xampp\\htdocs\\codeignite\\cid\\app\\Views\\v_mahasiswa_edit.php')
 3 SYSTEMPATH\View\View.php(227): CodeIgniter\View\View->CodeIgniter\View\{closure}()
 4 SYSTEMPATH\Common.php(1176): CodeIgniter\View\View->render('v_mahasiswa_edit', [], true)
 5 APPPATH\Views\template.php(19): view('v_mahasiswa_edit')
 6 SYSTEMPATH\View\View.php(224): include('C:\\xampp\\htdocs\\codeignite\\cid\\app\\Views\\template.php')
 7 SYSTEMPATH\View\View.php(227): CodeIgniter\View\View->CodeIgniter\View\{closure}()
 8 SYSTEMPATH\Common.php(1176): CodeIgniter\View\View->render('template', [], true)
 9 APPPATH\Controllers\Mahasiswaa.php(62): view('template', [...])
10 SYSTEMPATH\CodeIgniter.php(932): App\Controllers\Mahasiswaa->edit('12')
11 SYSTEMPATH\CodeIgniter.php(497): CodeIgniter\CodeIgniter->runController(Object(App\Controllers\Mahasiswaa))
12 SYSTEMPATH\CodeIgniter.php(366): CodeIgniter\CodeIgniter->handleRequest(null, Object(Config\Cache), false)
13 FCPATH\index.php(67): CodeIgniter\CodeIgniter->run()
CRITICAL - 2023-10-03 03:32:50 --> Undefined variable $nama_mk
in APPPATH\Views\v_matakuliah_edit.php on line 23.
 1 APPPATH\Views\v_matakuliah_edit.php(23): CodeIgniter\Debug\Exceptions->errorHandler(2, 'Undefined variable $nama_mk', 'C:\\xampp\\htdocs\\codeignite\\cid\\app\\Views\\v_matakuliah_edit.php', 23)
 2 SYSTEMPATH\View\View.php(224): include('C:\\xampp\\htdocs\\codeignite\\cid\\app\\Views\\v_matakuliah_edit.php')
 3 SYSTEMPATH\View\View.php(227): CodeIgniter\View\View->CodeIgniter\View\{closure}()
 4 SYSTEMPATH\Common.php(1176): CodeIgniter\View\View->render('v_matakuliah_edit', [], true)
 5 APPPATH\Views\template.php(19): view('v_matakuliah_edit')
 6 SYSTEMPATH\View\View.php(224): include('C:\\xampp\\htdocs\\codeignite\\cid\\app\\Views\\template.php')
 7 SYSTEMPATH\View\View.php(227): CodeIgniter\View\View->CodeIgniter\View\{closure}()
 8 SYSTEMPATH\Common.php(1176): CodeIgniter\View\View->render('template', [], true)
 9 APPPATH\Controllers\MatakuliahC.php(62): view('template', [...])
10 SYSTEMPATH\CodeIgniter.php(932): App\Controllers\MatakuliahC->edit('12')
11 SYSTEMPATH\CodeIgniter.php(497): CodeIgniter\CodeIgniter->runController(Object(App\Controllers\MatakuliahC))
12 SYSTEMPATH\CodeIgniter.php(366): CodeIgniter\CodeIgniter->handleRequest(null, Object(Config\Cache), false)
13 FCPATH\index.php(67): CodeIgniter\CodeIgniter->run()
CRITICAL - 2023-10-03 03:33:28 --> Undefined variable $nama_mk
in APPPATH\Views\v_matakuliah_edit.php on line 23.
 1 APPPATH\Views\v_matakuliah_edit.php(23): CodeIgniter\Debug\Exceptions->errorHandler(2, 'Undefined variable $nama_mk', 'C:\\xampp\\htdocs\\codeignite\\cid\\app\\Views\\v_matakuliah_edit.php', 23)
 2 SYSTEMPATH\View\View.php(224): include('C:\\xampp\\htdocs\\codeignite\\cid\\app\\Views\\v_matakuliah_edit.php')
 3 SYSTEMPATH\View\View.php(227): CodeIgniter\View\View->CodeIgniter\View\{closure}()
 4 SYSTEMPATH\Common.php(1176): CodeIgniter\View\View->render('v_matakuliah_edit', [], true)
 5 APPPATH\Views\template.php(19): view('v_matakuliah_edit')
 6 SYSTEMPATH\View\View.php(224): include('C:\\xampp\\htdocs\\codeignite\\cid\\app\\Views\\template.php')
 7 SYSTEMPATH\View\View.php(227): CodeIgniter\View\View->CodeIgniter\View\{closure}()
 8 SYSTEMPATH\Common.php(1176): CodeIgniter\View\View->render('template', [], true)
 9 APPPATH\Controllers\MatakuliahC.php(62): view('template', [...])
10 SYSTEMPATH\CodeIgniter.php(932): App\Controllers\MatakuliahC->edit('12')
11 SYSTEMPATH\CodeIgniter.php(497): CodeIgniter\CodeIgniter->runController(Object(App\Controllers\MatakuliahC))
12 SYSTEMPATH\CodeIgniter.php(366): CodeIgniter\CodeIgniter->handleRequest(null, Object(Config\Cache), false)
13 FCPATH\index.php(67): CodeIgniter\CodeIgniter->run()
