CRITICAL - 2023-09-30 07:55:13 --> You must set the database table to be used with your query.
in SYSTEMPATH\Database\BaseConnection.php on line 883.
 1 SYSTEMPATH\Model.php(642): CodeIgniter\Database\BaseConnection->table(null)
 2 SYSTEMPATH\Model.php(828): CodeIgniter\Model->builder()
 3 APPPATH\Controllers\Mahasiswaa.php(51): CodeIgniter\Model->__call('getDataById', [...])
 4 SYSTEMPATH\CodeIgniter.php(932): App\Controllers\Mahasiswaa->edit('2111016210015')
 5 SYSTEMPATH\CodeIgniter.php(497): CodeIgniter\CodeIgniter->runController(Object(App\Controllers\Mahasiswaa))
 6 SYSTEMPATH\CodeIgniter.php(366): CodeIgniter\CodeIgniter->handleRequest(null, Object(Config\Cache), false)
 7 FCPATH\index.php(67): CodeIgniter\CodeIgniter->run()
CRITICAL - 2023-09-30 07:57:20 --> You must set the database table to be used with your query.
in SYSTEMPATH\Database\BaseConnection.php on line 883.
 1 SYSTEMPATH\Model.php(642): CodeIgniter\Database\BaseConnection->table(null)
 2 SYSTEMPATH\Model.php(828): CodeIgniter\Model->builder()
 3 APPPATH\Controllers\Mahasiswaa.php(51): CodeIgniter\Model->__call('getDataById', [...])
 4 SYSTEMPATH\CodeIgniter.php(932): App\Controllers\Mahasiswaa->edit('2111016210011')
 5 SYSTEMPATH\CodeIgniter.php(497): CodeIgniter\CodeIgniter->runController(Object(App\Controllers\Mahasiswaa))
 6 SYSTEMPATH\CodeIgniter.php(366): CodeIgniter\CodeIgniter->handleRequest(null, Object(Config\Cache), false)
 7 FCPATH\index.php(67): CodeIgniter\CodeIgniter->run()
CRITICAL - 2023-09-30 07:58:10 --> You must set the database table to be used with your query.
in SYSTEMPATH\Database\BaseConnection.php on line 883.
 1 SYSTEMPATH\Model.php(642): CodeIgniter\Database\BaseConnection->table(null)
 2 SYSTEMPATH\Model.php(828): CodeIgniter\Model->builder()
 3 APPPATH\Controllers\Mahasiswaa.php(51): CodeIgniter\Model->__call('getDataById', [...])
 4 SYSTEMPATH\CodeIgniter.php(932): App\Controllers\Mahasiswaa->edit('2111016210011')
 5 SYSTEMPATH\CodeIgniter.php(497): CodeIgniter\CodeIgniter->runController(Object(App\Controllers\Mahasiswaa))
 6 SYSTEMPATH\CodeIgniter.php(366): CodeIgniter\CodeIgniter->handleRequest(null, Object(Config\Cache), false)
 7 FCPATH\index.php(67): CodeIgniter\CodeIgniter->run()
CRITICAL - 2023-09-30 07:58:45 --> You must set the database table to be used with your query.
in SYSTEMPATH\Database\BaseConnection.php on line 883.
 1 SYSTEMPATH\Model.php(642): CodeIgniter\Database\BaseConnection->table(null)
 2 SYSTEMPATH\Model.php(828): CodeIgniter\Model->builder()
 3 APPPATH\Controllers\Mahasiswaa.php(51): CodeIgniter\Model->__call('getDataById', [...])
 4 SYSTEMPATH\CodeIgniter.php(932): App\Controllers\Mahasiswaa->edit('2111016210011')
 5 SYSTEMPATH\CodeIgniter.php(497): CodeIgniter\CodeIgniter->runController(Object(App\Controllers\Mahasiswaa))
 6 SYSTEMPATH\CodeIgniter.php(366): CodeIgniter\CodeIgniter->handleRequest(null, Object(Config\Cache), false)
 7 FCPATH\index.php(67): CodeIgniter\CodeIgniter->run()
CRITICAL - 2023-09-30 08:00:25 --> You must set the database table to be used with your query.
in SYSTEMPATH\Database\BaseConnection.php on line 883.
 1 SYSTEMPATH\Model.php(642): CodeIgniter\Database\BaseConnection->table(null)
 2 SYSTEMPATH\Model.php(828): CodeIgniter\Model->builder()
 3 APPPATH\Controllers\Mahasiswaa.php(51): CodeIgniter\Model->__call('getDataById', [...])
 4 SYSTEMPATH\CodeIgniter.php(932): App\Controllers\Mahasiswaa->edit('2111016210011')
 5 SYSTEMPATH\CodeIgniter.php(497): CodeIgniter\CodeIgniter->runController(Object(App\Controllers\Mahasiswaa))
 6 SYSTEMPATH\CodeIgniter.php(366): CodeIgniter\CodeIgniter->handleRequest(null, Object(Config\Cache), false)
 7 FCPATH\index.php(67): CodeIgniter\CodeIgniter->run()
CRITICAL - 2023-09-30 08:01:28 --> You must set the database table to be used with your query.
in SYSTEMPATH\Database\BaseConnection.php on line 883.
 1 SYSTEMPATH\Model.php(642): CodeIgniter\Database\BaseConnection->table(null)
 2 SYSTEMPATH\Model.php(828): CodeIgniter\Model->builder()
 3 APPPATH\Controllers\Mahasiswaa.php(51): CodeIgniter\Model->__call('getDataById', [...])
 4 SYSTEMPATH\CodeIgniter.php(932): App\Controllers\Mahasiswaa->edit('2111016210011')
 5 SYSTEMPATH\CodeIgniter.php(497): CodeIgniter\CodeIgniter->runController(Object(App\Controllers\Mahasiswaa))
 6 SYSTEMPATH\CodeIgniter.php(366): CodeIgniter\CodeIgniter->handleRequest(null, Object(Config\Cache), false)
 7 FCPATH\index.php(67): CodeIgniter\CodeIgniter->run()
CRITICAL - 2023-09-30 08:03:15 --> You must set the database table to be used with your query.
in SYSTEMPATH\Database\BaseConnection.php on line 883.
 1 SYSTEMPATH\Model.php(642): CodeIgniter\Database\BaseConnection->table(null)
 2 SYSTEMPATH\Model.php(828): CodeIgniter\Model->builder()
 3 APPPATH\Controllers\Mahasiswaa.php(51): CodeIgniter\Model->__call('getDataById', [...])
 4 SYSTEMPATH\CodeIgniter.php(932): App\Controllers\Mahasiswaa->edit('2111016210011')
 5 SYSTEMPATH\CodeIgniter.php(497): CodeIgniter\CodeIgniter->runController(Object(App\Controllers\Mahasiswaa))
 6 SYSTEMPATH\CodeIgniter.php(366): CodeIgniter\CodeIgniter->handleRequest(null, Object(Config\Cache), false)
 7 FCPATH\index.php(67): CodeIgniter\CodeIgniter->run()
CRITICAL - 2023-09-30 08:04:28 --> You must set the database table to be used with your query.
in SYSTEMPATH\Database\BaseConnection.php on line 883.
 1 SYSTEMPATH\Model.php(642): CodeIgniter\Database\BaseConnection->table(null)
 2 SYSTEMPATH\Model.php(828): CodeIgniter\Model->builder()
 3 APPPATH\Controllers\Mahasiswaa.php(51): CodeIgniter\Model->__call('getDataById', [...])
 4 SYSTEMPATH\CodeIgniter.php(932): App\Controllers\Mahasiswaa->edit('2111016210011')
 5 SYSTEMPATH\CodeIgniter.php(497): CodeIgniter\CodeIgniter->runController(Object(App\Controllers\Mahasiswaa))
 6 SYSTEMPATH\CodeIgniter.php(366): CodeIgniter\CodeIgniter->handleRequest(null, Object(Config\Cache), false)
 7 FCPATH\index.php(67): CodeIgniter\CodeIgniter->run()
ERROR - 2023-09-30 08:08:15 --> Error connecting to the database: mysqli_sql_exception: No connection could be made because the target machine actively refused it in C:\xampp\htdocs\codeignite\cid\system\Database\MySQLi\Connection.php:173
Stack trace:
#0 C:\xampp\htdocs\codeignite\cid\system\Database\MySQLi\Connection.php(173): mysqli->real_connect('localhost', 'root', Object(SensitiveParameterValue), 'db_akademik', 3306, '', 0)
#1 C:\xampp\htdocs\codeignite\cid\system\Database\BaseConnection.php(391): CodeIgniter\Database\MySQLi\Connection->connect(false)
#2 C:\xampp\htdocs\codeignite\cid\system\Database\BaseConnection.php(574): CodeIgniter\Database\BaseConnection->initialize()
#3 C:\xampp\htdocs\codeignite\cid\system\Database\BaseBuilder.php(1616): CodeIgniter\Database\BaseConnection->query('SELECT *\nFROM `...', Array, false)
#4 C:\xampp\htdocs\codeignite\cid\app\Models\MahasiswaModel.php(9): CodeIgniter\Database\BaseBuilder->get()
#5 C:\xampp\htdocs\codeignite\cid\app\Controllers\Mahasiswaa.php(14): App\Models\MahasiswaModel->getAllData()
#6 C:\xampp\htdocs\codeignite\cid\system\CodeIgniter.php(932): App\Controllers\Mahasiswaa->index()
#7 C:\xampp\htdocs\codeignite\cid\system\CodeIgniter.php(497): CodeIgniter\CodeIgniter->runController(Object(App\Controllers\Mahasiswaa))
#8 C:\xampp\htdocs\codeignite\cid\system\CodeIgniter.php(366): CodeIgniter\CodeIgniter->handleRequest(NULL, Object(Config\Cache), false)
#9 C:\xampp\htdocs\codeignite\cid\public\index.php(67): CodeIgniter\CodeIgniter->run()
#10 {main}

Next CodeIgniter\Database\Exceptions\DatabaseException: No connection could be made because the target machine actively refused it in C:\xampp\htdocs\codeignite\cid\system\Database\MySQLi\Connection.php:218
Stack trace:
#0 C:\xampp\htdocs\codeignite\cid\system\Database\BaseConnection.php(391): CodeIgniter\Database\MySQLi\Connection->connect(false)
#1 C:\xampp\htdocs\codeignite\cid\system\Database\BaseConnection.php(574): CodeIgniter\Database\BaseConnection->initialize()
#2 C:\xampp\htdocs\codeignite\cid\system\Database\BaseBuilder.php(1616): CodeIgniter\Database\BaseConnection->query('SELECT *\nFROM `...', Array, false)
#3 C:\xampp\htdocs\codeignite\cid\app\Models\MahasiswaModel.php(9): CodeIgniter\Database\BaseBuilder->get()
#4 C:\xampp\htdocs\codeignite\cid\app\Controllers\Mahasiswaa.php(14): App\Models\MahasiswaModel->getAllData()
#5 C:\xampp\htdocs\codeignite\cid\system\CodeIgniter.php(932): App\Controllers\Mahasiswaa->index()
#6 C:\xampp\htdocs\codeignite\cid\system\CodeIgniter.php(497): CodeIgniter\CodeIgniter->runController(Object(App\Controllers\Mahasiswaa))
#7 C:\xampp\htdocs\codeignite\cid\system\CodeIgniter.php(366): CodeIgniter\CodeIgniter->handleRequest(NULL, Object(Config\Cache), false)
#8 C:\xampp\htdocs\codeignite\cid\public\index.php(67): CodeIgniter\CodeIgniter->run()
#9 {main}
CRITICAL - 2023-09-30 08:08:15 --> Unable to connect to the database.
Main connection [MySQLi]: No connection could be made because the target machine actively refused it
in SYSTEMPATH\Database\BaseConnection.php on line 427.
 1 SYSTEMPATH\Database\BaseConnection.php(574): CodeIgniter\Database\BaseConnection->initialize()
 2 SYSTEMPATH\Database\BaseBuilder.php(1616): CodeIgniter\Database\BaseConnection->query('SELECT *
FROM `tb_mahasiswa`', [], false)
 3 APPPATH\Models\MahasiswaModel.php(9): CodeIgniter\Database\BaseBuilder->get()
 4 APPPATH\Controllers\Mahasiswaa.php(14): App\Models\MahasiswaModel->getAllData()
 5 SYSTEMPATH\CodeIgniter.php(932): App\Controllers\Mahasiswaa->index()
 6 SYSTEMPATH\CodeIgniter.php(497): CodeIgniter\CodeIgniter->runController(Object(App\Controllers\Mahasiswaa))
 7 SYSTEMPATH\CodeIgniter.php(366): CodeIgniter\CodeIgniter->handleRequest(null, Object(Config\Cache), false)
 8 FCPATH\index.php(67): CodeIgniter\CodeIgniter->run()
ERROR - 2023-09-30 08:08:47 --> Error connecting to the database: mysqli_sql_exception: No connection could be made because the target machine actively refused it in C:\xampp\htdocs\codeignite\cid\system\Database\MySQLi\Connection.php:173
Stack trace:
#0 C:\xampp\htdocs\codeignite\cid\system\Database\MySQLi\Connection.php(173): mysqli->real_connect('localhost', 'root', Object(SensitiveParameterValue), 'db_akademik', 3306, '', 0)
#1 C:\xampp\htdocs\codeignite\cid\system\Database\BaseConnection.php(391): CodeIgniter\Database\MySQLi\Connection->connect(false)
#2 C:\xampp\htdocs\codeignite\cid\system\Database\BaseConnection.php(574): CodeIgniter\Database\BaseConnection->initialize()
#3 C:\xampp\htdocs\codeignite\cid\system\Database\BaseBuilder.php(1616): CodeIgniter\Database\BaseConnection->query('SELECT *\nFROM `...', Array, false)
#4 C:\xampp\htdocs\codeignite\cid\app\Models\MahasiswaModel.php(9): CodeIgniter\Database\BaseBuilder->get()
#5 C:\xampp\htdocs\codeignite\cid\app\Controllers\Mahasiswaa.php(14): App\Models\MahasiswaModel->getAllData()
#6 C:\xampp\htdocs\codeignite\cid\system\CodeIgniter.php(932): App\Controllers\Mahasiswaa->index()
#7 C:\xampp\htdocs\codeignite\cid\system\CodeIgniter.php(497): CodeIgniter\CodeIgniter->runController(Object(App\Controllers\Mahasiswaa))
#8 C:\xampp\htdocs\codeignite\cid\system\CodeIgniter.php(366): CodeIgniter\CodeIgniter->handleRequest(NULL, Object(Config\Cache), false)
#9 C:\xampp\htdocs\codeignite\cid\public\index.php(67): CodeIgniter\CodeIgniter->run()
#10 {main}

Next CodeIgniter\Database\Exceptions\DatabaseException: No connection could be made because the target machine actively refused it in C:\xampp\htdocs\codeignite\cid\system\Database\MySQLi\Connection.php:218
Stack trace:
#0 C:\xampp\htdocs\codeignite\cid\system\Database\BaseConnection.php(391): CodeIgniter\Database\MySQLi\Connection->connect(false)
#1 C:\xampp\htdocs\codeignite\cid\system\Database\BaseConnection.php(574): CodeIgniter\Database\BaseConnection->initialize()
#2 C:\xampp\htdocs\codeignite\cid\system\Database\BaseBuilder.php(1616): CodeIgniter\Database\BaseConnection->query('SELECT *\nFROM `...', Array, false)
#3 C:\xampp\htdocs\codeignite\cid\app\Models\MahasiswaModel.php(9): CodeIgniter\Database\BaseBuilder->get()
#4 C:\xampp\htdocs\codeignite\cid\app\Controllers\Mahasiswaa.php(14): App\Models\MahasiswaModel->getAllData()
#5 C:\xampp\htdocs\codeignite\cid\system\CodeIgniter.php(932): App\Controllers\Mahasiswaa->index()
#6 C:\xampp\htdocs\codeignite\cid\system\CodeIgniter.php(497): CodeIgniter\CodeIgniter->runController(Object(App\Controllers\Mahasiswaa))
#7 C:\xampp\htdocs\codeignite\cid\system\CodeIgniter.php(366): CodeIgniter\CodeIgniter->handleRequest(NULL, Object(Config\Cache), false)
#8 C:\xampp\htdocs\codeignite\cid\public\index.php(67): CodeIgniter\CodeIgniter->run()
#9 {main}
CRITICAL - 2023-09-30 08:08:47 --> Unable to connect to the database.
Main connection [MySQLi]: No connection could be made because the target machine actively refused it
in SYSTEMPATH\Database\BaseConnection.php on line 427.
 1 SYSTEMPATH\Database\BaseConnection.php(574): CodeIgniter\Database\BaseConnection->initialize()
 2 SYSTEMPATH\Database\BaseBuilder.php(1616): CodeIgniter\Database\BaseConnection->query('SELECT *
FROM `tb_mahasiswa`', [], false)
 3 APPPATH\Models\MahasiswaModel.php(9): CodeIgniter\Database\BaseBuilder->get()
 4 APPPATH\Controllers\Mahasiswaa.php(14): App\Models\MahasiswaModel->getAllData()
 5 SYSTEMPATH\CodeIgniter.php(932): App\Controllers\Mahasiswaa->index()
 6 SYSTEMPATH\CodeIgniter.php(497): CodeIgniter\CodeIgniter->runController(Object(App\Controllers\Mahasiswaa))
 7 SYSTEMPATH\CodeIgniter.php(366): CodeIgniter\CodeIgniter->handleRequest(null, Object(Config\Cache), false)
 8 FCPATH\index.php(67): CodeIgniter\CodeIgniter->run()
ERROR - 2023-09-30 08:08:51 --> Error connecting to the database: mysqli_sql_exception: No connection could be made because the target machine actively refused it in C:\xampp\htdocs\codeignite\cid\system\Database\MySQLi\Connection.php:173
Stack trace:
#0 C:\xampp\htdocs\codeignite\cid\system\Database\MySQLi\Connection.php(173): mysqli->real_connect('localhost', 'root', Object(SensitiveParameterValue), 'db_akademik', 3306, '', 0)
#1 C:\xampp\htdocs\codeignite\cid\system\Database\BaseConnection.php(391): CodeIgniter\Database\MySQLi\Connection->connect(false)
#2 C:\xampp\htdocs\codeignite\cid\system\Database\BaseConnection.php(574): CodeIgniter\Database\BaseConnection->initialize()
#3 C:\xampp\htdocs\codeignite\cid\system\Database\BaseBuilder.php(1616): CodeIgniter\Database\BaseConnection->query('SELECT *\nFROM `...', Array, false)
#4 C:\xampp\htdocs\codeignite\cid\app\Models\MahasiswaModel.php(9): CodeIgniter\Database\BaseBuilder->get()
#5 C:\xampp\htdocs\codeignite\cid\app\Controllers\Mahasiswaa.php(14): App\Models\MahasiswaModel->getAllData()
#6 C:\xampp\htdocs\codeignite\cid\system\CodeIgniter.php(932): App\Controllers\Mahasiswaa->index()
#7 C:\xampp\htdocs\codeignite\cid\system\CodeIgniter.php(497): CodeIgniter\CodeIgniter->runController(Object(App\Controllers\Mahasiswaa))
#8 C:\xampp\htdocs\codeignite\cid\system\CodeIgniter.php(366): CodeIgniter\CodeIgniter->handleRequest(NULL, Object(Config\Cache), false)
#9 C:\xampp\htdocs\codeignite\cid\public\index.php(67): CodeIgniter\CodeIgniter->run()
#10 {main}

Next CodeIgniter\Database\Exceptions\DatabaseException: No connection could be made because the target machine actively refused it in C:\xampp\htdocs\codeignite\cid\system\Database\MySQLi\Connection.php:218
Stack trace:
#0 C:\xampp\htdocs\codeignite\cid\system\Database\BaseConnection.php(391): CodeIgniter\Database\MySQLi\Connection->connect(false)
#1 C:\xampp\htdocs\codeignite\cid\system\Database\BaseConnection.php(574): CodeIgniter\Database\BaseConnection->initialize()
#2 C:\xampp\htdocs\codeignite\cid\system\Database\BaseBuilder.php(1616): CodeIgniter\Database\BaseConnection->query('SELECT *\nFROM `...', Array, false)
#3 C:\xampp\htdocs\codeignite\cid\app\Models\MahasiswaModel.php(9): CodeIgniter\Database\BaseBuilder->get()
#4 C:\xampp\htdocs\codeignite\cid\app\Controllers\Mahasiswaa.php(14): App\Models\MahasiswaModel->getAllData()
#5 C:\xampp\htdocs\codeignite\cid\system\CodeIgniter.php(932): App\Controllers\Mahasiswaa->index()
#6 C:\xampp\htdocs\codeignite\cid\system\CodeIgniter.php(497): CodeIgniter\CodeIgniter->runController(Object(App\Controllers\Mahasiswaa))
#7 C:\xampp\htdocs\codeignite\cid\system\CodeIgniter.php(366): CodeIgniter\CodeIgniter->handleRequest(NULL, Object(Config\Cache), false)
#8 C:\xampp\htdocs\codeignite\cid\public\index.php(67): CodeIgniter\CodeIgniter->run()
#9 {main}
CRITICAL - 2023-09-30 08:08:51 --> Unable to connect to the database.
Main connection [MySQLi]: No connection could be made because the target machine actively refused it
in SYSTEMPATH\Database\BaseConnection.php on line 427.
 1 SYSTEMPATH\Database\BaseConnection.php(574): CodeIgniter\Database\BaseConnection->initialize()
 2 SYSTEMPATH\Database\BaseBuilder.php(1616): CodeIgniter\Database\BaseConnection->query('SELECT *
FROM `tb_mahasiswa`', [], false)
 3 APPPATH\Models\MahasiswaModel.php(9): CodeIgniter\Database\BaseBuilder->get()
 4 APPPATH\Controllers\Mahasiswaa.php(14): App\Models\MahasiswaModel->getAllData()
 5 SYSTEMPATH\CodeIgniter.php(932): App\Controllers\Mahasiswaa->index()
 6 SYSTEMPATH\CodeIgniter.php(497): CodeIgniter\CodeIgniter->runController(Object(App\Controllers\Mahasiswaa))
 7 SYSTEMPATH\CodeIgniter.php(366): CodeIgniter\CodeIgniter->handleRequest(null, Object(Config\Cache), false)
 8 FCPATH\index.php(67): CodeIgniter\CodeIgniter->run()
ERROR - 2023-09-30 08:09:18 --> Error connecting to the database: mysqli_sql_exception: No connection could be made because the target machine actively refused it in C:\xampp\htdocs\codeignite\cid\system\Database\MySQLi\Connection.php:173
Stack trace:
#0 C:\xampp\htdocs\codeignite\cid\system\Database\MySQLi\Connection.php(173): mysqli->real_connect('localhost', 'root', Object(SensitiveParameterValue), 'db_akademik', 3306, '', 0)
#1 C:\xampp\htdocs\codeignite\cid\system\Database\BaseConnection.php(391): CodeIgniter\Database\MySQLi\Connection->connect(false)
#2 C:\xampp\htdocs\codeignite\cid\system\Database\BaseConnection.php(574): CodeIgniter\Database\BaseConnection->initialize()
#3 C:\xampp\htdocs\codeignite\cid\system\Database\BaseBuilder.php(1616): CodeIgniter\Database\BaseConnection->query('SELECT *\nFROM `...', Array, false)
#4 C:\xampp\htdocs\codeignite\cid\app\Models\MahasiswaModel.php(9): CodeIgniter\Database\BaseBuilder->get()
#5 C:\xampp\htdocs\codeignite\cid\app\Controllers\Mahasiswaa.php(14): App\Models\MahasiswaModel->getAllData()
#6 C:\xampp\htdocs\codeignite\cid\system\CodeIgniter.php(932): App\Controllers\Mahasiswaa->index()
#7 C:\xampp\htdocs\codeignite\cid\system\CodeIgniter.php(497): CodeIgniter\CodeIgniter->runController(Object(App\Controllers\Mahasiswaa))
#8 C:\xampp\htdocs\codeignite\cid\system\CodeIgniter.php(366): CodeIgniter\CodeIgniter->handleRequest(NULL, Object(Config\Cache), false)
#9 C:\xampp\htdocs\codeignite\cid\public\index.php(67): CodeIgniter\CodeIgniter->run()
#10 {main}

Next CodeIgniter\Database\Exceptions\DatabaseException: No connection could be made because the target machine actively refused it in C:\xampp\htdocs\codeignite\cid\system\Database\MySQLi\Connection.php:218
Stack trace:
#0 C:\xampp\htdocs\codeignite\cid\system\Database\BaseConnection.php(391): CodeIgniter\Database\MySQLi\Connection->connect(false)
#1 C:\xampp\htdocs\codeignite\cid\system\Database\BaseConnection.php(574): CodeIgniter\Database\BaseConnection->initialize()
#2 C:\xampp\htdocs\codeignite\cid\system\Database\BaseBuilder.php(1616): CodeIgniter\Database\BaseConnection->query('SELECT *\nFROM `...', Array, false)
#3 C:\xampp\htdocs\codeignite\cid\app\Models\MahasiswaModel.php(9): CodeIgniter\Database\BaseBuilder->get()
#4 C:\xampp\htdocs\codeignite\cid\app\Controllers\Mahasiswaa.php(14): App\Models\MahasiswaModel->getAllData()
#5 C:\xampp\htdocs\codeignite\cid\system\CodeIgniter.php(932): App\Controllers\Mahasiswaa->index()
#6 C:\xampp\htdocs\codeignite\cid\system\CodeIgniter.php(497): CodeIgniter\CodeIgniter->runController(Object(App\Controllers\Mahasiswaa))
#7 C:\xampp\htdocs\codeignite\cid\system\CodeIgniter.php(366): CodeIgniter\CodeIgniter->handleRequest(NULL, Object(Config\Cache), false)
#8 C:\xampp\htdocs\codeignite\cid\public\index.php(67): CodeIgniter\CodeIgniter->run()
#9 {main}
CRITICAL - 2023-09-30 08:09:18 --> Unable to connect to the database.
Main connection [MySQLi]: No connection could be made because the target machine actively refused it
in SYSTEMPATH\Database\BaseConnection.php on line 427.
 1 SYSTEMPATH\Database\BaseConnection.php(574): CodeIgniter\Database\BaseConnection->initialize()
 2 SYSTEMPATH\Database\BaseBuilder.php(1616): CodeIgniter\Database\BaseConnection->query('SELECT *
FROM `tb_mahasiswa`', [], false)
 3 APPPATH\Models\MahasiswaModel.php(9): CodeIgniter\Database\BaseBuilder->get()
 4 APPPATH\Controllers\Mahasiswaa.php(14): App\Models\MahasiswaModel->getAllData()
 5 SYSTEMPATH\CodeIgniter.php(932): App\Controllers\Mahasiswaa->index()
 6 SYSTEMPATH\CodeIgniter.php(497): CodeIgniter\CodeIgniter->runController(Object(App\Controllers\Mahasiswaa))
 7 SYSTEMPATH\CodeIgniter.php(366): CodeIgniter\CodeIgniter->handleRequest(null, Object(Config\Cache), false)
 8 FCPATH\index.php(67): CodeIgniter\CodeIgniter->run()
CRITICAL - 2023-09-30 08:10:02 --> You must set the database table to be used with your query.
in SYSTEMPATH\Database\BaseConnection.php on line 883.
 1 SYSTEMPATH\Model.php(642): CodeIgniter\Database\BaseConnection->table(null)
 2 SYSTEMPATH\Model.php(828): CodeIgniter\Model->builder()
 3 APPPATH\Controllers\Mahasiswaa.php(51): CodeIgniter\Model->__call('getDataById', [...])
 4 SYSTEMPATH\CodeIgniter.php(932): App\Controllers\Mahasiswaa->edit('2111016210011')
 5 SYSTEMPATH\CodeIgniter.php(497): CodeIgniter\CodeIgniter->runController(Object(App\Controllers\Mahasiswaa))
 6 SYSTEMPATH\CodeIgniter.php(366): CodeIgniter\CodeIgniter->handleRequest(null, Object(Config\Cache), false)
 7 FCPATH\index.php(67): CodeIgniter\CodeIgniter->run()
CRITICAL - 2023-09-30 08:10:39 --> You must set the database table to be used with your query.
in SYSTEMPATH\Database\BaseConnection.php on line 883.
 1 SYSTEMPATH\Model.php(642): CodeIgniter\Database\BaseConnection->table(null)
 2 SYSTEMPATH\Model.php(828): CodeIgniter\Model->builder()
 3 APPPATH\Controllers\Mahasiswaa.php(51): CodeIgniter\Model->__call('getDataById', [...])
 4 SYSTEMPATH\CodeIgniter.php(932): App\Controllers\Mahasiswaa->edit('2111016210011')
 5 SYSTEMPATH\CodeIgniter.php(497): CodeIgniter\CodeIgniter->runController(Object(App\Controllers\Mahasiswaa))
 6 SYSTEMPATH\CodeIgniter.php(366): CodeIgniter\CodeIgniter->handleRequest(null, Object(Config\Cache), false)
 7 FCPATH\index.php(67): CodeIgniter\CodeIgniter->run()
CRITICAL - 2023-09-30 08:12:23 --> You must set the database table to be used with your query.
in SYSTEMPATH\Database\BaseConnection.php on line 883.
 1 SYSTEMPATH\Model.php(642): CodeIgniter\Database\BaseConnection->table(null)
 2 SYSTEMPATH\Model.php(828): CodeIgniter\Model->builder()
 3 APPPATH\Controllers\Mahasiswaa.php(51): CodeIgniter\Model->__call('getDataById', [...])
 4 SYSTEMPATH\CodeIgniter.php(932): App\Controllers\Mahasiswaa->edit('2111016210011')
 5 SYSTEMPATH\CodeIgniter.php(497): CodeIgniter\CodeIgniter->runController(Object(App\Controllers\Mahasiswaa))
 6 SYSTEMPATH\CodeIgniter.php(366): CodeIgniter\CodeIgniter->handleRequest(null, Object(Config\Cache), false)
 7 FCPATH\index.php(67): CodeIgniter\CodeIgniter->run()
CRITICAL - 2023-09-30 08:12:28 --> You must set the database table to be used with your query.
in SYSTEMPATH\Database\BaseConnection.php on line 883.
 1 SYSTEMPATH\Model.php(642): CodeIgniter\Database\BaseConnection->table(null)
 2 SYSTEMPATH\Model.php(828): CodeIgniter\Model->builder()
 3 APPPATH\Controllers\Mahasiswaa.php(51): CodeIgniter\Model->__call('getDataById', [...])
 4 SYSTEMPATH\CodeIgniter.php(932): App\Controllers\Mahasiswaa->edit('2111016210011')
 5 SYSTEMPATH\CodeIgniter.php(497): CodeIgniter\CodeIgniter->runController(Object(App\Controllers\Mahasiswaa))
 6 SYSTEMPATH\CodeIgniter.php(366): CodeIgniter\CodeIgniter->handleRequest(null, Object(Config\Cache), false)
 7 FCPATH\index.php(67): CodeIgniter\CodeIgniter->run()
CRITICAL - 2023-09-30 08:12:52 --> You must set the database table to be used with your query.
in SYSTEMPATH\Database\BaseConnection.php on line 883.
 1 SYSTEMPATH\Model.php(642): CodeIgniter\Database\BaseConnection->table(null)
 2 SYSTEMPATH\Model.php(828): CodeIgniter\Model->builder()
 3 APPPATH\Controllers\Mahasiswaa.php(51): CodeIgniter\Model->__call('getDataById', [...])
 4 SYSTEMPATH\CodeIgniter.php(932): App\Controllers\Mahasiswaa->edit('2111016210011')
 5 SYSTEMPATH\CodeIgniter.php(497): CodeIgniter\CodeIgniter->runController(Object(App\Controllers\Mahasiswaa))
 6 SYSTEMPATH\CodeIgniter.php(366): CodeIgniter\CodeIgniter->handleRequest(null, Object(Config\Cache), false)
 7 FCPATH\index.php(67): CodeIgniter\CodeIgniter->run()
CRITICAL - 2023-09-30 08:14:38 --> You must set the database table to be used with your query.
in SYSTEMPATH\Database\BaseConnection.php on line 883.
 1 SYSTEMPATH\Model.php(642): CodeIgniter\Database\BaseConnection->table(null)
 2 SYSTEMPATH\Model.php(828): CodeIgniter\Model->builder()
 3 APPPATH\Controllers\Mahasiswaa.php(51): CodeIgniter\Model->__call('getDataById', [...])
 4 SYSTEMPATH\CodeIgniter.php(932): App\Controllers\Mahasiswaa->edit('2111016210011')
 5 SYSTEMPATH\CodeIgniter.php(497): CodeIgniter\CodeIgniter->runController(Object(App\Controllers\Mahasiswaa))
 6 SYSTEMPATH\CodeIgniter.php(366): CodeIgniter\CodeIgniter->handleRequest(null, Object(Config\Cache), false)
 7 FCPATH\index.php(67): CodeIgniter\CodeIgniter->run()
