CRITICAL - 2023-09-15 00:53:24 --> Call to undefined function belajar()
in APPPATH\Views\v_belajarhelper.php on line 18.
 1 SYSTEMPATH\View\View.php(224): include()
 2 SYSTEMPATH\View\View.php(227): CodeIgniter\View\View->CodeIgniter\View\{closure}()
 3 SYSTEMPATH\Common.php(1176): CodeIgniter\View\View->render('v_belajarhelper', [], true)
 4 APPPATH\Controllers\BelajarHelper.php(8): view('v_belajarhelper')
 5 SYSTEMPATH\CodeIgniter.php(932): App\Controllers\BelajarHelper->index()
 6 SYSTEMPATH\CodeIgniter.php(497): CodeIgniter\CodeIgniter->runController(Object(App\Controllers\BelajarHelper))
 7 SYSTEMPATH\CodeIgniter.php(366): CodeIgniter\CodeIgniter->handleRequest(null, Object(Config\Cache), false)
 8 FCPATH\index.php(67): CodeIgniter\CodeIgniter->run()
CRITICAL - 2023-09-15 00:58:52 --> Call to undefined function belajar()
in APPPATH\Views\v_belajarhelper.php on line 18.
 1 SYSTEMPATH\View\View.php(224): include()
 2 SYSTEMPATH\View\View.php(227): CodeIgniter\View\View->CodeIgniter\View\{closure}()
 3 SYSTEMPATH\Common.php(1176): CodeIgniter\View\View->render('v_belajarhelper', [], true)
 4 APPPATH\Controllers\BelajarHelper.php(8): view('v_belajarhelper')
 5 SYSTEMPATH\CodeIgniter.php(932): App\Controllers\BelajarHelper->index()
 6 SYSTEMPATH\CodeIgniter.php(497): CodeIgniter\CodeIgniter->runController(Object(App\Controllers\BelajarHelper))
 7 SYSTEMPATH\CodeIgniter.php(366): CodeIgniter\CodeIgniter->handleRequest(null, Object(Config\Cache), false)
 8 FCPATH\index.php(67): CodeIgniter\CodeIgniter->run()
CRITICAL - 2023-09-15 00:59:09 --> Call to undefined function belajar()
in APPPATH\Views\v_belajarhelper.php on line 18.
 1 SYSTEMPATH\View\View.php(224): include()
 2 SYSTEMPATH\View\View.php(227): CodeIgniter\View\View->CodeIgniter\View\{closure}()
 3 SYSTEMPATH\Common.php(1176): CodeIgniter\View\View->render('v_belajarhelper', [], true)
 4 APPPATH\Controllers\BelajarHelper.php(8): view('v_belajarhelper')
 5 SYSTEMPATH\CodeIgniter.php(932): App\Controllers\BelajarHelper->index()
 6 SYSTEMPATH\CodeIgniter.php(497): CodeIgniter\CodeIgniter->runController(Object(App\Controllers\BelajarHelper))
 7 SYSTEMPATH\CodeIgniter.php(366): CodeIgniter\CodeIgniter->handleRequest(null, Object(Config\Cache), false)
 8 FCPATH\index.php(67): CodeIgniter\CodeIgniter->run()
CRITICAL - 2023-09-15 01:00:52 --> Call to undefined function form_open()
in APPPATH\Views\v_belajarhelper.php on line 9.
 1 SYSTEMPATH\View\View.php(224): include()
 2 SYSTEMPATH\View\View.php(227): CodeIgniter\View\View->CodeIgniter\View\{closure}()
 3 SYSTEMPATH\Common.php(1176): CodeIgniter\View\View->render('v_belajarhelper', [], true)
 4 APPPATH\Controllers\BelajarHelper.php(11): view('v_belajarhelper')
 5 SYSTEMPATH\CodeIgniter.php(932): App\Controllers\BelajarHelper->index()
 6 SYSTEMPATH\CodeIgniter.php(497): CodeIgniter\CodeIgniter->runController(Object(App\Controllers\BelajarHelper))
 7 SYSTEMPATH\CodeIgniter.php(366): CodeIgniter\CodeIgniter->handleRequest(null, Object(Config\Cache), false)
 8 FCPATH\index.php(67): CodeIgniter\CodeIgniter->run()
CRITICAL - 2023-09-15 01:20:27 --> Undefined array key 2023
in APPPATH\Helpers\tanggal_helper.php on line 20.
 1 APPPATH\Helpers\tanggal_helper.php(20): CodeIgniter\Debug\Exceptions->errorHandler(2, 'Undefined array key 2023', 'C:\\xampp\\htdocs\\codeignite\\cid\\app\\Helpers\\tanggal_helper.php', 20)
 2 APPPATH\Controllers\BelajarHelper.php(22): tanggal('09-2023-15')
 3 SYSTEMPATH\CodeIgniter.php(932): App\Controllers\BelajarHelper->konversiTanggal()
 4 SYSTEMPATH\CodeIgniter.php(497): CodeIgniter\CodeIgniter->runController(Object(App\Controllers\BelajarHelper))
 5 SYSTEMPATH\CodeIgniter.php(366): CodeIgniter\CodeIgniter->handleRequest(null, Object(Config\Cache), false)
 6 FCPATH\index.php(67): CodeIgniter\CodeIgniter->run()
CRITICAL - 2023-09-15 01:20:31 --> Undefined array key 2023
in APPPATH\Helpers\tanggal_helper.php on line 20.
 1 APPPATH\Helpers\tanggal_helper.php(20): CodeIgniter\Debug\Exceptions->errorHandler(2, 'Undefined array key 2023', 'C:\\xampp\\htdocs\\codeignite\\cid\\app\\Helpers\\tanggal_helper.php', 20)
 2 APPPATH\Controllers\BelajarHelper.php(22): tanggal('09-2023-15')
 3 SYSTEMPATH\CodeIgniter.php(932): App\Controllers\BelajarHelper->konversiTanggal()
 4 SYSTEMPATH\CodeIgniter.php(497): CodeIgniter\CodeIgniter->runController(Object(App\Controllers\BelajarHelper))
 5 SYSTEMPATH\CodeIgniter.php(366): CodeIgniter\CodeIgniter->handleRequest(null, Object(Config\Cache), false)
 6 FCPATH\index.php(67): CodeIgniter\CodeIgniter->run()
CRITICAL - 2023-09-15 01:21:15 --> Undefined array key 2023
in APPPATH\Helpers\tanggal_helper.php on line 20.
 1 APPPATH\Helpers\tanggal_helper.php(20): CodeIgniter\Debug\Exceptions->errorHandler(2, 'Undefined array key 2023', 'C:\\xampp\\htdocs\\codeignite\\cid\\app\\Helpers\\tanggal_helper.php', 20)
 2 APPPATH\Controllers\BelajarHelper.php(22): tanggal('15-2023-09')
 3 SYSTEMPATH\CodeIgniter.php(932): App\Controllers\BelajarHelper->konversiTanggal()
 4 SYSTEMPATH\CodeIgniter.php(497): CodeIgniter\CodeIgniter->runController(Object(App\Controllers\BelajarHelper))
 5 SYSTEMPATH\CodeIgniter.php(366): CodeIgniter\CodeIgniter->handleRequest(null, Object(Config\Cache), false)
 6 FCPATH\index.php(67): CodeIgniter\CodeIgniter->run()
