CRITICAL - 2023-09-25 03:03:24 --> There is no data to insert.
in SYSTEMPATH\BaseModel.php on line 762.
 1 SYSTEMPATH\BaseModel.php(762): CodeIgniter\Database\Exceptions\DataException::forEmptyDataset('insert')
 2 SYSTEMPATH\Model.php(730): CodeIgniter\BaseModel->insert([], true)
 3 APPPATH\Models\MahasiswaModel.php(20): CodeIgniter\Model->insert([...])
 4 APPPATH\Controllers\MahasiswaForm.php(81): App\Models\MahasiswaModel->saveMahasiswa([...])
 5 SYSTEMPATH\CodeIgniter.php(932): App\Controllers\MahasiswaForm->save()
 6 SYSTEMPATH\CodeIgniter.php(497): CodeIgniter\CodeIgniter->runController(Object(App\Controllers\MahasiswaForm))
 7 SYSTEMPATH\CodeIgniter.php(366): CodeIgniter\CodeIgniter->handleRequest(null, Object(Config\Cache), false)
 8 FCPATH\index.php(67): CodeIgniter\CodeIgniter->run()
CRITICAL - 2023-09-25 03:03:54 --> There is no data to insert.
in SYSTEMPATH\BaseModel.php on line 762.
 1 SYSTEMPATH\BaseModel.php(762): CodeIgniter\Database\Exceptions\DataException::forEmptyDataset('insert')
 2 SYSTEMPATH\Model.php(730): CodeIgniter\BaseModel->insert([], true)
 3 APPPATH\Models\MahasiswaModel.php(20): CodeIgniter\Model->insert([...])
 4 APPPATH\Controllers\MahasiswaForm.php(81): App\Models\MahasiswaModel->saveMahasiswa([...])
 5 SYSTEMPATH\CodeIgniter.php(932): App\Controllers\MahasiswaForm->save()
 6 SYSTEMPATH\CodeIgniter.php(497): CodeIgniter\CodeIgniter->runController(Object(App\Controllers\MahasiswaForm))
 7 SYSTEMPATH\CodeIgniter.php(366): CodeIgniter\CodeIgniter->handleRequest(null, Object(Config\Cache), false)
 8 FCPATH\index.php(67): CodeIgniter\CodeIgniter->run()
CRITICAL - 2023-09-25 03:08:57 --> Call to undefined function form_close()
in APPPATH\Views\v_mahasiswa_form.php on line 127.
 1 SYSTEMPATH\View\View.php(224): include()
 2 SYSTEMPATH\View\View.php(227): CodeIgniter\View\View->CodeIgniter\View\{closure}()
 3 SYSTEMPATH\Common.php(1176): CodeIgniter\View\View->render('v_mahasiswa_form.php', [], true)
 4 APPPATH\Controllers\MahasiswaForm.php(86): view('v_mahasiswa_form.php', [...])
 5 SYSTEMPATH\CodeIgniter.php(932): App\Controllers\MahasiswaForm->save()
 6 SYSTEMPATH\CodeIgniter.php(497): CodeIgniter\CodeIgniter->runController(Object(App\Controllers\MahasiswaForm))
 7 SYSTEMPATH\CodeIgniter.php(366): CodeIgniter\CodeIgniter->handleRequest(null, Object(Config\Cache), false)
 8 FCPATH\index.php(67): CodeIgniter\CodeIgniter->run()
CRITICAL - 2023-09-25 03:09:00 --> Call to undefined function form_close()
in APPPATH\Views\v_mahasiswa_form.php on line 127.
 1 SYSTEMPATH\View\View.php(224): include()
 2 SYSTEMPATH\View\View.php(227): CodeIgniter\View\View->CodeIgniter\View\{closure}()
 3 SYSTEMPATH\Common.php(1176): CodeIgniter\View\View->render('v_mahasiswa_form.php', [], true)
 4 APPPATH\Controllers\MahasiswaForm.php(86): view('v_mahasiswa_form.php', [...])
 5 SYSTEMPATH\CodeIgniter.php(932): App\Controllers\MahasiswaForm->save()
 6 SYSTEMPATH\CodeIgniter.php(497): CodeIgniter\CodeIgniter->runController(Object(App\Controllers\MahasiswaForm))
 7 SYSTEMPATH\CodeIgniter.php(366): CodeIgniter\CodeIgniter->handleRequest(null, Object(Config\Cache), false)
 8 FCPATH\index.php(67): CodeIgniter\CodeIgniter->run()
CRITICAL - 2023-09-25 03:09:39 --> Call to undefined function form_open()
in APPPATH\Views\v_mahasiswa_form.php on line 1.
 1 SYSTEMPATH\View\View.php(224): include()
 2 SYSTEMPATH\View\View.php(227): CodeIgniter\View\View->CodeIgniter\View\{closure}()
 3 SYSTEMPATH\Common.php(1176): CodeIgniter\View\View->render('v_mahasiswa_form.php', [], true)
 4 APPPATH\Controllers\MahasiswaForm.php(86): view('v_mahasiswa_form.php', [...])
 5 SYSTEMPATH\CodeIgniter.php(932): App\Controllers\MahasiswaForm->save()
 6 SYSTEMPATH\CodeIgniter.php(497): CodeIgniter\CodeIgniter->runController(Object(App\Controllers\MahasiswaForm))
 7 SYSTEMPATH\CodeIgniter.php(366): CodeIgniter\CodeIgniter->handleRequest(null, Object(Config\Cache), false)
 8 FCPATH\index.php(67): CodeIgniter\CodeIgniter->run()
CRITICAL - 2023-09-25 03:22:50 --> Invalid file: "MahasiswaForm.php"
in SYSTEMPATH\Exceptions\FrameworkException.php on line 33.
 1 SYSTEMPATH\View\View.php(212): CodeIgniter\Exceptions\FrameworkException::forInvalidFile('MahasiswaForm.php')
 2 SYSTEMPATH\Common.php(1176): CodeIgniter\View\View->render('MahasiswaForm', [], true)
 3 APPPATH\Controllers\MahasiswaForm.php(86): view('MahasiswaForm', [...])
 4 SYSTEMPATH\CodeIgniter.php(932): App\Controllers\MahasiswaForm->save()
 5 SYSTEMPATH\CodeIgniter.php(497): CodeIgniter\CodeIgniter->runController(Object(App\Controllers\MahasiswaForm))
 6 SYSTEMPATH\CodeIgniter.php(366): CodeIgniter\CodeIgniter->handleRequest(null, Object(Config\Cache), false)
 7 FCPATH\index.php(67): CodeIgniter\CodeIgniter->run()
CRITICAL - 2023-09-25 03:23:20 --> Invalid file: "MahasiswaForm/save.php"
in SYSTEMPATH\Exceptions\FrameworkException.php on line 33.
 1 SYSTEMPATH\View\View.php(212): CodeIgniter\Exceptions\FrameworkException::forInvalidFile('MahasiswaForm/save.php')
 2 SYSTEMPATH\Common.php(1176): CodeIgniter\View\View->render('MahasiswaForm/save', [], true)
 3 APPPATH\Controllers\MahasiswaForm.php(86): view('MahasiswaForm/save', [...])
 4 SYSTEMPATH\CodeIgniter.php(932): App\Controllers\MahasiswaForm->save()
 5 SYSTEMPATH\CodeIgniter.php(497): CodeIgniter\CodeIgniter->runController(Object(App\Controllers\MahasiswaForm))
 6 SYSTEMPATH\CodeIgniter.php(366): CodeIgniter\CodeIgniter->handleRequest(null, Object(Config\Cache), false)
 7 FCPATH\index.php(67): CodeIgniter\CodeIgniter->run()
CRITICAL - 2023-09-25 03:34:49 --> $rules must be of type string|array
in SYSTEMPATH\Validation\Validation.php on line 484.
 1 APPPATH\Controllers\CreateUser.php(68): CodeIgniter\Validation\Validation->setRule('valid_email_custom', 'Email tidak valid.', Object(Closure))
 2 SYSTEMPATH\CodeIgniter.php(932): App\Controllers\CreateUser->save()
 3 SYSTEMPATH\CodeIgniter.php(497): CodeIgniter\CodeIgniter->runController(Object(App\Controllers\CreateUser))
 4 SYSTEMPATH\CodeIgniter.php(366): CodeIgniter\CodeIgniter->handleRequest(null, Object(Config\Cache), false)
 5 FCPATH\index.php(67): CodeIgniter\CodeIgniter->run()
CRITICAL - 2023-09-25 03:34:55 --> $rules must be of type string|array
in SYSTEMPATH\Validation\Validation.php on line 484.
 1 APPPATH\Controllers\CreateUser.php(68): CodeIgniter\Validation\Validation->setRule('valid_email_custom', 'Email tidak valid.', Object(Closure))
 2 SYSTEMPATH\CodeIgniter.php(932): App\Controllers\CreateUser->save()
 3 SYSTEMPATH\CodeIgniter.php(497): CodeIgniter\CodeIgniter->runController(Object(App\Controllers\CreateUser))
 4 SYSTEMPATH\CodeIgniter.php(366): CodeIgniter\CodeIgniter->handleRequest(null, Object(Config\Cache), false)
 5 FCPATH\index.php(67): CodeIgniter\CodeIgniter->run()
CRITICAL - 2023-09-25 03:55:32 --> Call to undefined function form_open()
in APPPATH\Views\v_mahasiswa_add.php on line 31.
 1 SYSTEMPATH\View\View.php(224): include()
 2 SYSTEMPATH\View\View.php(227): CodeIgniter\View\View->CodeIgniter\View\{closure}()
 3 SYSTEMPATH\Common.php(1176): CodeIgniter\View\View->render('v_mahasiswa_add', [], true)
 4 APPPATH\Controllers\Mahasiswa.php(86): view('v_mahasiswa_add', [...])
 5 SYSTEMPATH\CodeIgniter.php(932): App\Controllers\Mahasiswa->save()
 6 SYSTEMPATH\CodeIgniter.php(497): CodeIgniter\CodeIgniter->runController(Object(App\Controllers\Mahasiswa))
 7 SYSTEMPATH\CodeIgniter.php(366): CodeIgniter\CodeIgniter->handleRequest(null, Object(Config\Cache), false)
 8 FCPATH\index.php(67): CodeIgniter\CodeIgniter->run()
CRITICAL - 2023-09-25 03:57:02 --> Call to undefined function form_open()
in APPPATH\Views\v_mahasiswa_add.php on line 31.
 1 SYSTEMPATH\View\View.php(224): include()
 2 SYSTEMPATH\View\View.php(227): CodeIgniter\View\View->CodeIgniter\View\{closure}()
 3 SYSTEMPATH\Common.php(1176): CodeIgniter\View\View->render('v_mahasiswa_add', [], true)
 4 APPPATH\Controllers\Mahasiswa.php(86): view('v_mahasiswa_add', [...])
 5 SYSTEMPATH\CodeIgniter.php(932): App\Controllers\Mahasiswa->save()
 6 SYSTEMPATH\CodeIgniter.php(497): CodeIgniter\CodeIgniter->runController(Object(App\Controllers\Mahasiswa))
 7 SYSTEMPATH\CodeIgniter.php(366): CodeIgniter\CodeIgniter->handleRequest(null, Object(Config\Cache), false)
 8 FCPATH\index.php(67): CodeIgniter\CodeIgniter->run()
CRITICAL - 2023-09-25 03:58:11 --> Call to undefined function form_open()
in APPPATH\Views\v_mahasiswa_add.php on line 31.
 1 SYSTEMPATH\View\View.php(224): include()
 2 SYSTEMPATH\View\View.php(227): CodeIgniter\View\View->CodeIgniter\View\{closure}()
 3 SYSTEMPATH\Common.php(1176): CodeIgniter\View\View->render('v_mahasiswa_add', [], true)
 4 APPPATH\Controllers\Mahasiswa.php(86): view('v_mahasiswa_add', [...])
 5 SYSTEMPATH\CodeIgniter.php(932): App\Controllers\Mahasiswa->save()
 6 SYSTEMPATH\CodeIgniter.php(497): CodeIgniter\CodeIgniter->runController(Object(App\Controllers\Mahasiswa))
 7 SYSTEMPATH\CodeIgniter.php(366): CodeIgniter\CodeIgniter->handleRequest(null, Object(Config\Cache), false)
 8 FCPATH\index.php(67): CodeIgniter\CodeIgniter->run()
CRITICAL - 2023-09-25 04:01:19 --> Undefined variable $validation
in APPPATH\Views\v_mahasiswa_add.php on line 34.
 1 APPPATH\Views\v_mahasiswa_add.php(34): CodeIgniter\Debug\Exceptions->errorHandler(2, 'Undefined variable $validation', 'C:\\xampp\\htdocs\\codeignite\\cid\\app\\Views\\v_mahasiswa_add.php', 34)
 2 SYSTEMPATH\View\View.php(224): include('C:\\xampp\\htdocs\\codeignite\\cid\\app\\Views\\v_mahasiswa_add.php')
 3 SYSTEMPATH\View\View.php(227): CodeIgniter\View\View->CodeIgniter\View\{closure}()
 4 SYSTEMPATH\Common.php(1176): CodeIgniter\View\View->render('v_mahasiswa_add.php', [], true)
 5 APPPATH\Controllers\Mahasiswa.php(10): view('v_mahasiswa_add.php')
 6 SYSTEMPATH\CodeIgniter.php(932): App\Controllers\Mahasiswa->index()
 7 SYSTEMPATH\CodeIgniter.php(497): CodeIgniter\CodeIgniter->runController(Object(App\Controllers\Mahasiswa))
 8 SYSTEMPATH\CodeIgniter.php(366): CodeIgniter\CodeIgniter->handleRequest(null, Object(Config\Cache), false)
 9 FCPATH\index.php(67): CodeIgniter\CodeIgniter->run()
CRITICAL - 2023-09-25 04:01:21 --> Undefined variable $validation
in APPPATH\Views\v_mahasiswa_add.php on line 34.
 1 APPPATH\Views\v_mahasiswa_add.php(34): CodeIgniter\Debug\Exceptions->errorHandler(2, 'Undefined variable $validation', 'C:\\xampp\\htdocs\\codeignite\\cid\\app\\Views\\v_mahasiswa_add.php', 34)
 2 SYSTEMPATH\View\View.php(224): include('C:\\xampp\\htdocs\\codeignite\\cid\\app\\Views\\v_mahasiswa_add.php')
 3 SYSTEMPATH\View\View.php(227): CodeIgniter\View\View->CodeIgniter\View\{closure}()
 4 SYSTEMPATH\Common.php(1176): CodeIgniter\View\View->render('v_mahasiswa_add.php', [], true)
 5 APPPATH\Controllers\Mahasiswa.php(10): view('v_mahasiswa_add.php')
 6 SYSTEMPATH\CodeIgniter.php(932): App\Controllers\Mahasiswa->index()
 7 SYSTEMPATH\CodeIgniter.php(497): CodeIgniter\CodeIgniter->runController(Object(App\Controllers\Mahasiswa))
 8 SYSTEMPATH\CodeIgniter.php(366): CodeIgniter\CodeIgniter->handleRequest(null, Object(Config\Cache), false)
 9 FCPATH\index.php(67): CodeIgniter\CodeIgniter->run()
CRITICAL - 2023-09-25 04:01:26 --> Undefined variable $validation
in APPPATH\Views\v_mahasiswa_add.php on line 34.
 1 APPPATH\Views\v_mahasiswa_add.php(34): CodeIgniter\Debug\Exceptions->errorHandler(2, 'Undefined variable $validation', 'C:\\xampp\\htdocs\\codeignite\\cid\\app\\Views\\v_mahasiswa_add.php', 34)
 2 SYSTEMPATH\View\View.php(224): include('C:\\xampp\\htdocs\\codeignite\\cid\\app\\Views\\v_mahasiswa_add.php')
 3 SYSTEMPATH\View\View.php(227): CodeIgniter\View\View->CodeIgniter\View\{closure}()
 4 SYSTEMPATH\Common.php(1176): CodeIgniter\View\View->render('v_mahasiswa_add.php', [], true)
 5 APPPATH\Controllers\Mahasiswa.php(10): view('v_mahasiswa_add.php')
 6 SYSTEMPATH\CodeIgniter.php(932): App\Controllers\Mahasiswa->index()
 7 SYSTEMPATH\CodeIgniter.php(497): CodeIgniter\CodeIgniter->runController(Object(App\Controllers\Mahasiswa))
 8 SYSTEMPATH\CodeIgniter.php(366): CodeIgniter\CodeIgniter->handleRequest(null, Object(Config\Cache), false)
 9 FCPATH\index.php(67): CodeIgniter\CodeIgniter->run()
