CRITICAL - 2023-10-02 05:12:42 --> You must set the database table to be used with your query.
in SYSTEMPATH\Database\BaseConnection.php on line 883.
 1 SYSTEMPATH\Model.php(642): CodeIgniter\Database\BaseConnection->table(null)
 2 SYSTEMPATH\Model.php(828): CodeIgniter\Model->builder()
 3 APPPATH\Controllers\Mahasiswaa.php(51): CodeIgniter\Model->__call('getDataById', [...])
 4 SYSTEMPATH\CodeIgniter.php(932): App\Controllers\Mahasiswaa->edit('2111016210011')
 5 SYSTEMPATH\CodeIgniter.php(497): CodeIgniter\CodeIgniter->runController(Object(App\Controllers\Mahasiswaa))
 6 SYSTEMPATH\CodeIgniter.php(366): CodeIgniter\CodeIgniter->handleRequest(null, Object(Config\Cache), false)
 7 FCPATH\index.php(67): CodeIgniter\CodeIgniter->run()
CRITICAL - 2023-10-02 05:13:14 --> You must set the database table to be used with your query.
in SYSTEMPATH\Database\BaseConnection.php on line 883.
 1 SYSTEMPATH\Model.php(642): CodeIgniter\Database\BaseConnection->table(null)
 2 SYSTEMPATH\Model.php(828): CodeIgniter\Model->builder()
 3 APPPATH\Controllers\Mahasiswaa.php(51): CodeIgniter\Model->__call('getDataById', [...])
 4 SYSTEMPATH\CodeIgniter.php(932): App\Controllers\Mahasiswaa->edit('2111016210011')
 5 SYSTEMPATH\CodeIgniter.php(497): CodeIgniter\CodeIgniter->runController(Object(App\Controllers\Mahasiswaa))
 6 SYSTEMPATH\CodeIgniter.php(366): CodeIgniter\CodeIgniter->handleRequest(null, Object(Config\Cache), false)
 7 FCPATH\index.php(67): CodeIgniter\CodeIgniter->run()
CRITICAL - 2023-10-02 05:21:00 --> Attempt to read property "nim" on array
in APPPATH\Views\v_mahasiswa.php on line 33.
 1 APPPATH\Views\v_mahasiswa.php(33): CodeIgniter\Debug\Exceptions->errorHandler(2, 'Attempt to read property "nim" on array', 'C:\\xampp\\htdocs\\codeignite\\cid\\app\\Views\\v_mahasiswa.php', 33)
 2 SYSTEMPATH\View\View.php(224): include('C:\\xampp\\htdocs\\codeignite\\cid\\app\\Views\\v_mahasiswa.php')
 3 SYSTEMPATH\View\View.php(227): CodeIgniter\View\View->CodeIgniter\View\{closure}()
 4 SYSTEMPATH\Common.php(1176): CodeIgniter\View\View->render('v_mahasiswa.php', [], true)
 5 APPPATH\Views\template.php(19): view('v_mahasiswa.php')
 6 SYSTEMPATH\View\View.php(224): include('C:\\xampp\\htdocs\\codeignite\\cid\\app\\Views\\template.php')
 7 SYSTEMPATH\View\View.php(227): CodeIgniter\View\View->CodeIgniter\View\{closure}()
 8 SYSTEMPATH\Common.php(1176): CodeIgniter\View\View->render('template', [], true)
 9 APPPATH\Controllers\Mahasiswaa.php(16): view('template', [...])
10 SYSTEMPATH\CodeIgniter.php(932): App\Controllers\Mahasiswaa->index()
11 SYSTEMPATH\CodeIgniter.php(497): CodeIgniter\CodeIgniter->runController(Object(App\Controllers\Mahasiswaa))
12 SYSTEMPATH\CodeIgniter.php(366): CodeIgniter\CodeIgniter->handleRequest(null, Object(Config\Cache), false)
13 FCPATH\index.php(67): CodeIgniter\CodeIgniter->run()
CRITICAL - 2023-10-02 05:21:59 --> Attempt to read property "id" on array
in APPPATH\Views\v_mahasiswa.php on line 33.
 1 APPPATH\Views\v_mahasiswa.php(33): CodeIgniter\Debug\Exceptions->errorHandler(2, 'Attempt to read property "id" on array', 'C:\\xampp\\htdocs\\codeignite\\cid\\app\\Views\\v_mahasiswa.php', 33)
 2 SYSTEMPATH\View\View.php(224): include('C:\\xampp\\htdocs\\codeignite\\cid\\app\\Views\\v_mahasiswa.php')
 3 SYSTEMPATH\View\View.php(227): CodeIgniter\View\View->CodeIgniter\View\{closure}()
 4 SYSTEMPATH\Common.php(1176): CodeIgniter\View\View->render('v_mahasiswa.php', [], true)
 5 APPPATH\Views\template.php(19): view('v_mahasiswa.php')
 6 SYSTEMPATH\View\View.php(224): include('C:\\xampp\\htdocs\\codeignite\\cid\\app\\Views\\template.php')
 7 SYSTEMPATH\View\View.php(227): CodeIgniter\View\View->CodeIgniter\View\{closure}()
 8 SYSTEMPATH\Common.php(1176): CodeIgniter\View\View->render('template', [], true)
 9 APPPATH\Controllers\Mahasiswaa.php(16): view('template', [...])
10 SYSTEMPATH\CodeIgniter.php(932): App\Controllers\Mahasiswaa->index()
11 SYSTEMPATH\CodeIgniter.php(497): CodeIgniter\CodeIgniter->runController(Object(App\Controllers\Mahasiswaa))
12 SYSTEMPATH\CodeIgniter.php(366): CodeIgniter\CodeIgniter->handleRequest(null, Object(Config\Cache), false)
13 FCPATH\index.php(67): CodeIgniter\CodeIgniter->run()
CRITICAL - 2023-10-02 05:25:04 --> Attempt to read property "nim" on array
in APPPATH\Views\v_mahasiswa.php on line 33.
 1 APPPATH\Views\v_mahasiswa.php(33): CodeIgniter\Debug\Exceptions->errorHandler(2, 'Attempt to read property "nim" on array', 'C:\\xampp\\htdocs\\codeignite\\cid\\app\\Views\\v_mahasiswa.php', 33)
 2 SYSTEMPATH\View\View.php(224): include('C:\\xampp\\htdocs\\codeignite\\cid\\app\\Views\\v_mahasiswa.php')
 3 SYSTEMPATH\View\View.php(227): CodeIgniter\View\View->CodeIgniter\View\{closure}()
 4 SYSTEMPATH\Common.php(1176): CodeIgniter\View\View->render('v_mahasiswa.php', [], true)
 5 APPPATH\Views\template.php(19): view('v_mahasiswa.php')
 6 SYSTEMPATH\View\View.php(224): include('C:\\xampp\\htdocs\\codeignite\\cid\\app\\Views\\template.php')
 7 SYSTEMPATH\View\View.php(227): CodeIgniter\View\View->CodeIgniter\View\{closure}()
 8 SYSTEMPATH\Common.php(1176): CodeIgniter\View\View->render('template', [], true)
 9 APPPATH\Controllers\Mahasiswaa.php(16): view('template', [...])
10 SYSTEMPATH\CodeIgniter.php(932): App\Controllers\Mahasiswaa->index()
11 SYSTEMPATH\CodeIgniter.php(497): CodeIgniter\CodeIgniter->runController(Object(App\Controllers\Mahasiswaa))
12 SYSTEMPATH\CodeIgniter.php(366): CodeIgniter\CodeIgniter->handleRequest(null, Object(Config\Cache), false)
13 FCPATH\index.php(67): CodeIgniter\CodeIgniter->run()
CRITICAL - 2023-10-02 05:25:48 --> You must set the database table to be used with your query.
in SYSTEMPATH\Database\BaseConnection.php on line 883.
 1 SYSTEMPATH\Model.php(642): CodeIgniter\Database\BaseConnection->table(null)
 2 SYSTEMPATH\Model.php(828): CodeIgniter\Model->builder()
 3 APPPATH\Controllers\Mahasiswaa.php(51): CodeIgniter\Model->__call('getDataById', [...])
 4 SYSTEMPATH\CodeIgniter.php(932): App\Controllers\Mahasiswaa->edit('2111016210011')
 5 SYSTEMPATH\CodeIgniter.php(497): CodeIgniter\CodeIgniter->runController(Object(App\Controllers\Mahasiswaa))
 6 SYSTEMPATH\CodeIgniter.php(366): CodeIgniter\CodeIgniter->handleRequest(null, Object(Config\Cache), false)
 7 FCPATH\index.php(67): CodeIgniter\CodeIgniter->run()
CRITICAL - 2023-10-02 05:29:47 --> You must set the database table to be used with your query.
in SYSTEMPATH\Database\BaseConnection.php on line 883.
 1 SYSTEMPATH\Model.php(642): CodeIgniter\Database\BaseConnection->table(null)
 2 SYSTEMPATH\Model.php(828): CodeIgniter\Model->builder()
 3 APPPATH\Controllers\Mahasiswaa.php(51): CodeIgniter\Model->__call('getDataById', [...])
 4 SYSTEMPATH\CodeIgniter.php(932): App\Controllers\Mahasiswaa->edit('2111016210011')
 5 SYSTEMPATH\CodeIgniter.php(497): CodeIgniter\CodeIgniter->runController(Object(App\Controllers\Mahasiswaa))
 6 SYSTEMPATH\CodeIgniter.php(366): CodeIgniter\CodeIgniter->handleRequest(null, Object(Config\Cache), false)
 7 FCPATH\index.php(67): CodeIgniter\CodeIgniter->run()
CRITICAL - 2023-10-02 05:30:08 --> You must set the database table to be used with your query.
in SYSTEMPATH\Database\BaseConnection.php on line 883.
 1 SYSTEMPATH\Model.php(642): CodeIgniter\Database\BaseConnection->table(null)
 2 SYSTEMPATH\Model.php(828): CodeIgniter\Model->builder()
 3 APPPATH\Controllers\Mahasiswaa.php(51): CodeIgniter\Model->__call('getDataById', [...])
 4 SYSTEMPATH\CodeIgniter.php(932): App\Controllers\Mahasiswaa->edit('2111016210011')
 5 SYSTEMPATH\CodeIgniter.php(497): CodeIgniter\CodeIgniter->runController(Object(App\Controllers\Mahasiswaa))
 6 SYSTEMPATH\CodeIgniter.php(366): CodeIgniter\CodeIgniter->handleRequest(null, Object(Config\Cache), false)
 7 FCPATH\index.php(67): CodeIgniter\CodeIgniter->run()
