CRITICAL - 2023-09-24 12:45:22 --> Undefined variable $validation
in APPPATH\Views\v_mahasiswa_form.php on line 56.
 1 APPPATH\Views\v_mahasiswa_form.php(56): CodeIgniter\Debug\Exceptions->errorHandler(2, 'Undefined variable $validation', 'C:\\xampp\\htdocs\\codeignite\\cid\\app\\Views\\v_mahasiswa_form.php', 56)
 2 SYSTEMPATH\View\View.php(224): include('C:\\xampp\\htdocs\\codeignite\\cid\\app\\Views\\v_mahasiswa_form.php')
 3 SYSTEMPATH\View\View.php(227): CodeIgniter\View\View->CodeIgniter\View\{closure}()
 4 SYSTEMPATH\Common.php(1176): CodeIgniter\View\View->render('v_mahasiswa_form.php', [], true)
 5 APPPATH\Controllers\MahasiswaForm.php(9): view('v_mahasiswa_form.php')
 6 SYSTEMPATH\CodeIgniter.php(932): App\Controllers\MahasiswaForm->index()
 7 SYSTEMPATH\CodeIgniter.php(497): CodeIgniter\CodeIgniter->runController(Object(App\Controllers\MahasiswaForm))
 8 SYSTEMPATH\CodeIgniter.php(366): CodeIgniter\CodeIgniter->handleRequest(null, Object(Config\Cache), false)
 9 FCPATH\index.php(67): CodeIgniter\CodeIgniter->run()
CRITICAL - 2023-09-24 12:45:26 --> Undefined variable $validation
in APPPATH\Views\v_mahasiswa_form.php on line 56.
 1 APPPATH\Views\v_mahasiswa_form.php(56): CodeIgniter\Debug\Exceptions->errorHandler(2, 'Undefined variable $validation', 'C:\\xampp\\htdocs\\codeignite\\cid\\app\\Views\\v_mahasiswa_form.php', 56)
 2 SYSTEMPATH\View\View.php(224): include('C:\\xampp\\htdocs\\codeignite\\cid\\app\\Views\\v_mahasiswa_form.php')
 3 SYSTEMPATH\View\View.php(227): CodeIgniter\View\View->CodeIgniter\View\{closure}()
 4 SYSTEMPATH\Common.php(1176): CodeIgniter\View\View->render('v_mahasiswa_form.php', [], true)
 5 APPPATH\Controllers\MahasiswaForm.php(9): view('v_mahasiswa_form.php')
 6 SYSTEMPATH\CodeIgniter.php(932): App\Controllers\MahasiswaForm->index()
 7 SYSTEMPATH\CodeIgniter.php(497): CodeIgniter\CodeIgniter->runController(Object(App\Controllers\MahasiswaForm))
 8 SYSTEMPATH\CodeIgniter.php(366): CodeIgniter\CodeIgniter->handleRequest(null, Object(Config\Cache), false)
 9 FCPATH\index.php(67): CodeIgniter\CodeIgniter->run()
CRITICAL - 2023-09-24 12:45:52 --> Undefined variable $validation
in APPPATH\Views\v_mahasiswa_form.php on line 56.
 1 APPPATH\Views\v_mahasiswa_form.php(56): CodeIgniter\Debug\Exceptions->errorHandler(2, 'Undefined variable $validation', 'C:\\xampp\\htdocs\\codeignite\\cid\\app\\Views\\v_mahasiswa_form.php', 56)
 2 SYSTEMPATH\View\View.php(224): include('C:\\xampp\\htdocs\\codeignite\\cid\\app\\Views\\v_mahasiswa_form.php')
 3 SYSTEMPATH\View\View.php(227): CodeIgniter\View\View->CodeIgniter\View\{closure}()
 4 SYSTEMPATH\Common.php(1176): CodeIgniter\View\View->render('v_mahasiswa_form.php', [], true)
 5 APPPATH\Controllers\MahasiswaForm.php(9): view('v_mahasiswa_form.php')
 6 SYSTEMPATH\CodeIgniter.php(932): App\Controllers\MahasiswaForm->index()
 7 SYSTEMPATH\CodeIgniter.php(497): CodeIgniter\CodeIgniter->runController(Object(App\Controllers\MahasiswaForm))
 8 SYSTEMPATH\CodeIgniter.php(366): CodeIgniter\CodeIgniter->handleRequest(null, Object(Config\Cache), false)
 9 FCPATH\index.php(67): CodeIgniter\CodeIgniter->run()
CRITICAL - 2023-09-24 12:46:04 --> Undefined variable $validation
in APPPATH\Views\v_mahasiswa_form.php on line 56.
 1 APPPATH\Views\v_mahasiswa_form.php(56): CodeIgniter\Debug\Exceptions->errorHandler(2, 'Undefined variable $validation', 'C:\\xampp\\htdocs\\codeignite\\cid\\app\\Views\\v_mahasiswa_form.php', 56)
 2 SYSTEMPATH\View\View.php(224): include('C:\\xampp\\htdocs\\codeignite\\cid\\app\\Views\\v_mahasiswa_form.php')
 3 SYSTEMPATH\View\View.php(227): CodeIgniter\View\View->CodeIgniter\View\{closure}()
 4 SYSTEMPATH\Common.php(1176): CodeIgniter\View\View->render('v_mahasiswa_form.php', [], true)
 5 APPPATH\Controllers\MahasiswaForm.php(9): view('v_mahasiswa_form.php')
 6 SYSTEMPATH\CodeIgniter.php(932): App\Controllers\MahasiswaForm->index()
 7 SYSTEMPATH\CodeIgniter.php(497): CodeIgniter\CodeIgniter->runController(Object(App\Controllers\MahasiswaForm))
 8 SYSTEMPATH\CodeIgniter.php(366): CodeIgniter\CodeIgniter->handleRequest(null, Object(Config\Cache), false)
 9 FCPATH\index.php(67): CodeIgniter\CodeIgniter->run()
CRITICAL - 2023-09-24 12:46:48 --> Undefined variable $validation
in APPPATH\Views\v_mahasiswa_form.php on line 56.
 1 APPPATH\Views\v_mahasiswa_form.php(56): CodeIgniter\Debug\Exceptions->errorHandler(2, 'Undefined variable $validation', 'C:\\xampp\\htdocs\\codeignite\\cid\\app\\Views\\v_mahasiswa_form.php', 56)
 2 SYSTEMPATH\View\View.php(224): include('C:\\xampp\\htdocs\\codeignite\\cid\\app\\Views\\v_mahasiswa_form.php')
 3 SYSTEMPATH\View\View.php(227): CodeIgniter\View\View->CodeIgniter\View\{closure}()
 4 SYSTEMPATH\Common.php(1176): CodeIgniter\View\View->render('v_mahasiswa_form', [], true)
 5 APPPATH\Controllers\MahasiswaForm.php(9): view('v_mahasiswa_form')
 6 SYSTEMPATH\CodeIgniter.php(932): App\Controllers\MahasiswaForm->index()
 7 SYSTEMPATH\CodeIgniter.php(497): CodeIgniter\CodeIgniter->runController(Object(App\Controllers\MahasiswaForm))
 8 SYSTEMPATH\CodeIgniter.php(366): CodeIgniter\CodeIgniter->handleRequest(null, Object(Config\Cache), false)
 9 FCPATH\index.php(67): CodeIgniter\CodeIgniter->run()
CRITICAL - 2023-09-24 12:46:49 --> Undefined variable $validation
in APPPATH\Views\v_mahasiswa_form.php on line 56.
 1 APPPATH\Views\v_mahasiswa_form.php(56): CodeIgniter\Debug\Exceptions->errorHandler(2, 'Undefined variable $validation', 'C:\\xampp\\htdocs\\codeignite\\cid\\app\\Views\\v_mahasiswa_form.php', 56)
 2 SYSTEMPATH\View\View.php(224): include('C:\\xampp\\htdocs\\codeignite\\cid\\app\\Views\\v_mahasiswa_form.php')
 3 SYSTEMPATH\View\View.php(227): CodeIgniter\View\View->CodeIgniter\View\{closure}()
 4 SYSTEMPATH\Common.php(1176): CodeIgniter\View\View->render('v_mahasiswa_form', [], true)
 5 APPPATH\Controllers\MahasiswaForm.php(9): view('v_mahasiswa_form')
 6 SYSTEMPATH\CodeIgniter.php(932): App\Controllers\MahasiswaForm->index()
 7 SYSTEMPATH\CodeIgniter.php(497): CodeIgniter\CodeIgniter->runController(Object(App\Controllers\MahasiswaForm))
 8 SYSTEMPATH\CodeIgniter.php(366): CodeIgniter\CodeIgniter->handleRequest(null, Object(Config\Cache), false)
 9 FCPATH\index.php(67): CodeIgniter\CodeIgniter->run()
CRITICAL - 2023-09-24 12:46:49 --> Undefined variable $validation
in APPPATH\Views\v_mahasiswa_form.php on line 56.
 1 APPPATH\Views\v_mahasiswa_form.php(56): CodeIgniter\Debug\Exceptions->errorHandler(2, 'Undefined variable $validation', 'C:\\xampp\\htdocs\\codeignite\\cid\\app\\Views\\v_mahasiswa_form.php', 56)
 2 SYSTEMPATH\View\View.php(224): include('C:\\xampp\\htdocs\\codeignite\\cid\\app\\Views\\v_mahasiswa_form.php')
 3 SYSTEMPATH\View\View.php(227): CodeIgniter\View\View->CodeIgniter\View\{closure}()
 4 SYSTEMPATH\Common.php(1176): CodeIgniter\View\View->render('v_mahasiswa_form', [], true)
 5 APPPATH\Controllers\MahasiswaForm.php(9): view('v_mahasiswa_form')
 6 SYSTEMPATH\CodeIgniter.php(932): App\Controllers\MahasiswaForm->index()
 7 SYSTEMPATH\CodeIgniter.php(497): CodeIgniter\CodeIgniter->runController(Object(App\Controllers\MahasiswaForm))
 8 SYSTEMPATH\CodeIgniter.php(366): CodeIgniter\CodeIgniter->handleRequest(null, Object(Config\Cache), false)
 9 FCPATH\index.php(67): CodeIgniter\CodeIgniter->run()
CRITICAL - 2023-09-24 12:46:49 --> Undefined variable $validation
in APPPATH\Views\v_mahasiswa_form.php on line 56.
 1 APPPATH\Views\v_mahasiswa_form.php(56): CodeIgniter\Debug\Exceptions->errorHandler(2, 'Undefined variable $validation', 'C:\\xampp\\htdocs\\codeignite\\cid\\app\\Views\\v_mahasiswa_form.php', 56)
 2 SYSTEMPATH\View\View.php(224): include('C:\\xampp\\htdocs\\codeignite\\cid\\app\\Views\\v_mahasiswa_form.php')
 3 SYSTEMPATH\View\View.php(227): CodeIgniter\View\View->CodeIgniter\View\{closure}()
 4 SYSTEMPATH\Common.php(1176): CodeIgniter\View\View->render('v_mahasiswa_form', [], true)
 5 APPPATH\Controllers\MahasiswaForm.php(9): view('v_mahasiswa_form')
 6 SYSTEMPATH\CodeIgniter.php(932): App\Controllers\MahasiswaForm->index()
 7 SYSTEMPATH\CodeIgniter.php(497): CodeIgniter\CodeIgniter->runController(Object(App\Controllers\MahasiswaForm))
 8 SYSTEMPATH\CodeIgniter.php(366): CodeIgniter\CodeIgniter->handleRequest(null, Object(Config\Cache), false)
 9 FCPATH\index.php(67): CodeIgniter\CodeIgniter->run()
CRITICAL - 2023-09-24 12:46:50 --> Undefined variable $validation
in APPPATH\Views\v_mahasiswa_form.php on line 56.
 1 APPPATH\Views\v_mahasiswa_form.php(56): CodeIgniter\Debug\Exceptions->errorHandler(2, 'Undefined variable $validation', 'C:\\xampp\\htdocs\\codeignite\\cid\\app\\Views\\v_mahasiswa_form.php', 56)
 2 SYSTEMPATH\View\View.php(224): include('C:\\xampp\\htdocs\\codeignite\\cid\\app\\Views\\v_mahasiswa_form.php')
 3 SYSTEMPATH\View\View.php(227): CodeIgniter\View\View->CodeIgniter\View\{closure}()
 4 SYSTEMPATH\Common.php(1176): CodeIgniter\View\View->render('v_mahasiswa_form', [], true)
 5 APPPATH\Controllers\MahasiswaForm.php(9): view('v_mahasiswa_form')
 6 SYSTEMPATH\CodeIgniter.php(932): App\Controllers\MahasiswaForm->index()
 7 SYSTEMPATH\CodeIgniter.php(497): CodeIgniter\CodeIgniter->runController(Object(App\Controllers\MahasiswaForm))
 8 SYSTEMPATH\CodeIgniter.php(366): CodeIgniter\CodeIgniter->handleRequest(null, Object(Config\Cache), false)
 9 FCPATH\index.php(67): CodeIgniter\CodeIgniter->run()
CRITICAL - 2023-09-24 12:46:50 --> Undefined variable $validation
in APPPATH\Views\v_mahasiswa_form.php on line 56.
 1 APPPATH\Views\v_mahasiswa_form.php(56): CodeIgniter\Debug\Exceptions->errorHandler(2, 'Undefined variable $validation', 'C:\\xampp\\htdocs\\codeignite\\cid\\app\\Views\\v_mahasiswa_form.php', 56)
 2 SYSTEMPATH\View\View.php(224): include('C:\\xampp\\htdocs\\codeignite\\cid\\app\\Views\\v_mahasiswa_form.php')
 3 SYSTEMPATH\View\View.php(227): CodeIgniter\View\View->CodeIgniter\View\{closure}()
 4 SYSTEMPATH\Common.php(1176): CodeIgniter\View\View->render('v_mahasiswa_form', [], true)
 5 APPPATH\Controllers\MahasiswaForm.php(9): view('v_mahasiswa_form')
 6 SYSTEMPATH\CodeIgniter.php(932): App\Controllers\MahasiswaForm->index()
 7 SYSTEMPATH\CodeIgniter.php(497): CodeIgniter\CodeIgniter->runController(Object(App\Controllers\MahasiswaForm))
 8 SYSTEMPATH\CodeIgniter.php(366): CodeIgniter\CodeIgniter->handleRequest(null, Object(Config\Cache), false)
 9 FCPATH\index.php(67): CodeIgniter\CodeIgniter->run()
CRITICAL - 2023-09-24 12:46:50 --> Undefined variable $validation
in APPPATH\Views\v_mahasiswa_form.php on line 56.
 1 APPPATH\Views\v_mahasiswa_form.php(56): CodeIgniter\Debug\Exceptions->errorHandler(2, 'Undefined variable $validation', 'C:\\xampp\\htdocs\\codeignite\\cid\\app\\Views\\v_mahasiswa_form.php', 56)
 2 SYSTEMPATH\View\View.php(224): include('C:\\xampp\\htdocs\\codeignite\\cid\\app\\Views\\v_mahasiswa_form.php')
 3 SYSTEMPATH\View\View.php(227): CodeIgniter\View\View->CodeIgniter\View\{closure}()
 4 SYSTEMPATH\Common.php(1176): CodeIgniter\View\View->render('v_mahasiswa_form', [], true)
 5 APPPATH\Controllers\MahasiswaForm.php(9): view('v_mahasiswa_form')
 6 SYSTEMPATH\CodeIgniter.php(932): App\Controllers\MahasiswaForm->index()
 7 SYSTEMPATH\CodeIgniter.php(497): CodeIgniter\CodeIgniter->runController(Object(App\Controllers\MahasiswaForm))
 8 SYSTEMPATH\CodeIgniter.php(366): CodeIgniter\CodeIgniter->handleRequest(null, Object(Config\Cache), false)
 9 FCPATH\index.php(67): CodeIgniter\CodeIgniter->run()
CRITICAL - 2023-09-24 12:46:50 --> Undefined variable $validation
in APPPATH\Views\v_mahasiswa_form.php on line 56.
 1 APPPATH\Views\v_mahasiswa_form.php(56): CodeIgniter\Debug\Exceptions->errorHandler(2, 'Undefined variable $validation', 'C:\\xampp\\htdocs\\codeignite\\cid\\app\\Views\\v_mahasiswa_form.php', 56)
 2 SYSTEMPATH\View\View.php(224): include('C:\\xampp\\htdocs\\codeignite\\cid\\app\\Views\\v_mahasiswa_form.php')
 3 SYSTEMPATH\View\View.php(227): CodeIgniter\View\View->CodeIgniter\View\{closure}()
 4 SYSTEMPATH\Common.php(1176): CodeIgniter\View\View->render('v_mahasiswa_form', [], true)
 5 APPPATH\Controllers\MahasiswaForm.php(9): view('v_mahasiswa_form')
 6 SYSTEMPATH\CodeIgniter.php(932): App\Controllers\MahasiswaForm->index()
 7 SYSTEMPATH\CodeIgniter.php(497): CodeIgniter\CodeIgniter->runController(Object(App\Controllers\MahasiswaForm))
 8 SYSTEMPATH\CodeIgniter.php(366): CodeIgniter\CodeIgniter->handleRequest(null, Object(Config\Cache), false)
 9 FCPATH\index.php(67): CodeIgniter\CodeIgniter->run()
CRITICAL - 2023-09-24 12:46:50 --> Undefined variable $validation
in APPPATH\Views\v_mahasiswa_form.php on line 56.
 1 APPPATH\Views\v_mahasiswa_form.php(56): CodeIgniter\Debug\Exceptions->errorHandler(2, 'Undefined variable $validation', 'C:\\xampp\\htdocs\\codeignite\\cid\\app\\Views\\v_mahasiswa_form.php', 56)
 2 SYSTEMPATH\View\View.php(224): include('C:\\xampp\\htdocs\\codeignite\\cid\\app\\Views\\v_mahasiswa_form.php')
 3 SYSTEMPATH\View\View.php(227): CodeIgniter\View\View->CodeIgniter\View\{closure}()
 4 SYSTEMPATH\Common.php(1176): CodeIgniter\View\View->render('v_mahasiswa_form', [], true)
 5 APPPATH\Controllers\MahasiswaForm.php(9): view('v_mahasiswa_form')
 6 SYSTEMPATH\CodeIgniter.php(932): App\Controllers\MahasiswaForm->index()
 7 SYSTEMPATH\CodeIgniter.php(497): CodeIgniter\CodeIgniter->runController(Object(App\Controllers\MahasiswaForm))
 8 SYSTEMPATH\CodeIgniter.php(366): CodeIgniter\CodeIgniter->handleRequest(null, Object(Config\Cache), false)
 9 FCPATH\index.php(67): CodeIgniter\CodeIgniter->run()
CRITICAL - 2023-09-24 12:46:50 --> Undefined variable $validation
in APPPATH\Views\v_mahasiswa_form.php on line 56.
 1 APPPATH\Views\v_mahasiswa_form.php(56): CodeIgniter\Debug\Exceptions->errorHandler(2, 'Undefined variable $validation', 'C:\\xampp\\htdocs\\codeignite\\cid\\app\\Views\\v_mahasiswa_form.php', 56)
 2 SYSTEMPATH\View\View.php(224): include('C:\\xampp\\htdocs\\codeignite\\cid\\app\\Views\\v_mahasiswa_form.php')
 3 SYSTEMPATH\View\View.php(227): CodeIgniter\View\View->CodeIgniter\View\{closure}()
 4 SYSTEMPATH\Common.php(1176): CodeIgniter\View\View->render('v_mahasiswa_form', [], true)
 5 APPPATH\Controllers\MahasiswaForm.php(9): view('v_mahasiswa_form')
 6 SYSTEMPATH\CodeIgniter.php(932): App\Controllers\MahasiswaForm->index()
 7 SYSTEMPATH\CodeIgniter.php(497): CodeIgniter\CodeIgniter->runController(Object(App\Controllers\MahasiswaForm))
 8 SYSTEMPATH\CodeIgniter.php(366): CodeIgniter\CodeIgniter->handleRequest(null, Object(Config\Cache), false)
 9 FCPATH\index.php(67): CodeIgniter\CodeIgniter->run()
CRITICAL - 2023-09-24 12:47:48 --> Undefined variable $validation
in APPPATH\Views\v_mahasiswa_form.php on line 56.
 1 APPPATH\Views\v_mahasiswa_form.php(56): CodeIgniter\Debug\Exceptions->errorHandler(2, 'Undefined variable $validation', 'C:\\xampp\\htdocs\\codeignite\\cid\\app\\Views\\v_mahasiswa_form.php', 56)
 2 SYSTEMPATH\View\View.php(224): include('C:\\xampp\\htdocs\\codeignite\\cid\\app\\Views\\v_mahasiswa_form.php')
 3 SYSTEMPATH\View\View.php(227): CodeIgniter\View\View->CodeIgniter\View\{closure}()
 4 SYSTEMPATH\Common.php(1176): CodeIgniter\View\View->render('v_mahasiswa_form.php', [], true)
 5 APPPATH\Controllers\MahasiswaForm.php(9): view('v_mahasiswa_form.php')
 6 SYSTEMPATH\CodeIgniter.php(932): App\Controllers\MahasiswaForm->index()
 7 SYSTEMPATH\CodeIgniter.php(497): CodeIgniter\CodeIgniter->runController(Object(App\Controllers\MahasiswaForm))
 8 SYSTEMPATH\CodeIgniter.php(366): CodeIgniter\CodeIgniter->handleRequest(null, Object(Config\Cache), false)
 9 FCPATH\index.php(67): CodeIgniter\CodeIgniter->run()
CRITICAL - 2023-09-24 12:48:11 --> Undefined variable $validation
in APPPATH\Views\v_mahasiswa_form.php on line 56.
 1 APPPATH\Views\v_mahasiswa_form.php(56): CodeIgniter\Debug\Exceptions->errorHandler(2, 'Undefined variable $validation', 'C:\\xampp\\htdocs\\codeignite\\cid\\app\\Views\\v_mahasiswa_form.php', 56)
 2 SYSTEMPATH\View\View.php(224): include('C:\\xampp\\htdocs\\codeignite\\cid\\app\\Views\\v_mahasiswa_form.php')
 3 SYSTEMPATH\View\View.php(227): CodeIgniter\View\View->CodeIgniter\View\{closure}()
 4 SYSTEMPATH\Common.php(1176): CodeIgniter\View\View->render('v_mahasiswa_form.php', [], true)
 5 APPPATH\Controllers\MahasiswaForm.php(9): view('v_mahasiswa_form.php')
 6 SYSTEMPATH\CodeIgniter.php(932): App\Controllers\MahasiswaForm->index()
 7 SYSTEMPATH\CodeIgniter.php(497): CodeIgniter\CodeIgniter->runController(Object(App\Controllers\MahasiswaForm))
 8 SYSTEMPATH\CodeIgniter.php(366): CodeIgniter\CodeIgniter->handleRequest(null, Object(Config\Cache), false)
 9 FCPATH\index.php(67): CodeIgniter\CodeIgniter->run()
CRITICAL - 2023-09-24 12:48:11 --> Undefined variable $validation
in APPPATH\Views\v_mahasiswa_form.php on line 56.
 1 APPPATH\Views\v_mahasiswa_form.php(56): CodeIgniter\Debug\Exceptions->errorHandler(2, 'Undefined variable $validation', 'C:\\xampp\\htdocs\\codeignite\\cid\\app\\Views\\v_mahasiswa_form.php', 56)
 2 SYSTEMPATH\View\View.php(224): include('C:\\xampp\\htdocs\\codeignite\\cid\\app\\Views\\v_mahasiswa_form.php')
 3 SYSTEMPATH\View\View.php(227): CodeIgniter\View\View->CodeIgniter\View\{closure}()
 4 SYSTEMPATH\Common.php(1176): CodeIgniter\View\View->render('v_mahasiswa_form.php', [], true)
 5 APPPATH\Controllers\MahasiswaForm.php(9): view('v_mahasiswa_form.php')
 6 SYSTEMPATH\CodeIgniter.php(932): App\Controllers\MahasiswaForm->index()
 7 SYSTEMPATH\CodeIgniter.php(497): CodeIgniter\CodeIgniter->runController(Object(App\Controllers\MahasiswaForm))
 8 SYSTEMPATH\CodeIgniter.php(366): CodeIgniter\CodeIgniter->handleRequest(null, Object(Config\Cache), false)
 9 FCPATH\index.php(67): CodeIgniter\CodeIgniter->run()
CRITICAL - 2023-09-24 12:48:11 --> Undefined variable $validation
in APPPATH\Views\v_mahasiswa_form.php on line 56.
 1 APPPATH\Views\v_mahasiswa_form.php(56): CodeIgniter\Debug\Exceptions->errorHandler(2, 'Undefined variable $validation', 'C:\\xampp\\htdocs\\codeignite\\cid\\app\\Views\\v_mahasiswa_form.php', 56)
 2 SYSTEMPATH\View\View.php(224): include('C:\\xampp\\htdocs\\codeignite\\cid\\app\\Views\\v_mahasiswa_form.php')
 3 SYSTEMPATH\View\View.php(227): CodeIgniter\View\View->CodeIgniter\View\{closure}()
 4 SYSTEMPATH\Common.php(1176): CodeIgniter\View\View->render('v_mahasiswa_form.php', [], true)
 5 APPPATH\Controllers\MahasiswaForm.php(9): view('v_mahasiswa_form.php')
 6 SYSTEMPATH\CodeIgniter.php(932): App\Controllers\MahasiswaForm->index()
 7 SYSTEMPATH\CodeIgniter.php(497): CodeIgniter\CodeIgniter->runController(Object(App\Controllers\MahasiswaForm))
 8 SYSTEMPATH\CodeIgniter.php(366): CodeIgniter\CodeIgniter->handleRequest(null, Object(Config\Cache), false)
 9 FCPATH\index.php(67): CodeIgniter\CodeIgniter->run()
CRITICAL - 2023-09-24 12:48:12 --> Undefined variable $validation
in APPPATH\Views\v_mahasiswa_form.php on line 56.
 1 APPPATH\Views\v_mahasiswa_form.php(56): CodeIgniter\Debug\Exceptions->errorHandler(2, 'Undefined variable $validation', 'C:\\xampp\\htdocs\\codeignite\\cid\\app\\Views\\v_mahasiswa_form.php', 56)
 2 SYSTEMPATH\View\View.php(224): include('C:\\xampp\\htdocs\\codeignite\\cid\\app\\Views\\v_mahasiswa_form.php')
 3 SYSTEMPATH\View\View.php(227): CodeIgniter\View\View->CodeIgniter\View\{closure}()
 4 SYSTEMPATH\Common.php(1176): CodeIgniter\View\View->render('v_mahasiswa_form.php', [], true)
 5 APPPATH\Controllers\MahasiswaForm.php(9): view('v_mahasiswa_form.php')
 6 SYSTEMPATH\CodeIgniter.php(932): App\Controllers\MahasiswaForm->index()
 7 SYSTEMPATH\CodeIgniter.php(497): CodeIgniter\CodeIgniter->runController(Object(App\Controllers\MahasiswaForm))
 8 SYSTEMPATH\CodeIgniter.php(366): CodeIgniter\CodeIgniter->handleRequest(null, Object(Config\Cache), false)
 9 FCPATH\index.php(67): CodeIgniter\CodeIgniter->run()
CRITICAL - 2023-09-24 12:48:12 --> Undefined variable $validation
in APPPATH\Views\v_mahasiswa_form.php on line 56.
 1 APPPATH\Views\v_mahasiswa_form.php(56): CodeIgniter\Debug\Exceptions->errorHandler(2, 'Undefined variable $validation', 'C:\\xampp\\htdocs\\codeignite\\cid\\app\\Views\\v_mahasiswa_form.php', 56)
 2 SYSTEMPATH\View\View.php(224): include('C:\\xampp\\htdocs\\codeignite\\cid\\app\\Views\\v_mahasiswa_form.php')
 3 SYSTEMPATH\View\View.php(227): CodeIgniter\View\View->CodeIgniter\View\{closure}()
 4 SYSTEMPATH\Common.php(1176): CodeIgniter\View\View->render('v_mahasiswa_form.php', [], true)
 5 APPPATH\Controllers\MahasiswaForm.php(9): view('v_mahasiswa_form.php')
 6 SYSTEMPATH\CodeIgniter.php(932): App\Controllers\MahasiswaForm->index()
 7 SYSTEMPATH\CodeIgniter.php(497): CodeIgniter\CodeIgniter->runController(Object(App\Controllers\MahasiswaForm))
 8 SYSTEMPATH\CodeIgniter.php(366): CodeIgniter\CodeIgniter->handleRequest(null, Object(Config\Cache), false)
 9 FCPATH\index.php(67): CodeIgniter\CodeIgniter->run()
CRITICAL - 2023-09-24 12:48:33 --> Undefined variable $validation
in APPPATH\Views\v_mahasiswa_form.php on line 56.
 1 APPPATH\Views\v_mahasiswa_form.php(56): CodeIgniter\Debug\Exceptions->errorHandler(2, 'Undefined variable $validation', 'C:\\xampp\\htdocs\\codeignite\\cid\\app\\Views\\v_mahasiswa_form.php', 56)
 2 SYSTEMPATH\View\View.php(224): include('C:\\xampp\\htdocs\\codeignite\\cid\\app\\Views\\v_mahasiswa_form.php')
 3 SYSTEMPATH\View\View.php(227): CodeIgniter\View\View->CodeIgniter\View\{closure}()
 4 SYSTEMPATH\Common.php(1176): CodeIgniter\View\View->render('v_mahasiswa_form.php', [], true)
 5 APPPATH\Controllers\MahasiswaForm.php(9): view('v_mahasiswa_form.php')
 6 SYSTEMPATH\CodeIgniter.php(932): App\Controllers\MahasiswaForm->index()
 7 SYSTEMPATH\CodeIgniter.php(497): CodeIgniter\CodeIgniter->runController(Object(App\Controllers\MahasiswaForm))
 8 SYSTEMPATH\CodeIgniter.php(366): CodeIgniter\CodeIgniter->handleRequest(null, Object(Config\Cache), false)
 9 FCPATH\index.php(67): CodeIgniter\CodeIgniter->run()
CRITICAL - 2023-09-24 12:48:34 --> Undefined variable $validation
in APPPATH\Views\v_mahasiswa_form.php on line 56.
 1 APPPATH\Views\v_mahasiswa_form.php(56): CodeIgniter\Debug\Exceptions->errorHandler(2, 'Undefined variable $validation', 'C:\\xampp\\htdocs\\codeignite\\cid\\app\\Views\\v_mahasiswa_form.php', 56)
 2 SYSTEMPATH\View\View.php(224): include('C:\\xampp\\htdocs\\codeignite\\cid\\app\\Views\\v_mahasiswa_form.php')
 3 SYSTEMPATH\View\View.php(227): CodeIgniter\View\View->CodeIgniter\View\{closure}()
 4 SYSTEMPATH\Common.php(1176): CodeIgniter\View\View->render('v_mahasiswa_form.php', [], true)
 5 APPPATH\Controllers\MahasiswaForm.php(9): view('v_mahasiswa_form.php')
 6 SYSTEMPATH\CodeIgniter.php(932): App\Controllers\MahasiswaForm->index()
 7 SYSTEMPATH\CodeIgniter.php(497): CodeIgniter\CodeIgniter->runController(Object(App\Controllers\MahasiswaForm))
 8 SYSTEMPATH\CodeIgniter.php(366): CodeIgniter\CodeIgniter->handleRequest(null, Object(Config\Cache), false)
 9 FCPATH\index.php(67): CodeIgniter\CodeIgniter->run()
CRITICAL - 2023-09-24 12:48:54 --> Undefined variable $validation
in APPPATH\Views\v_mahasiswa_form.php on line 55.
 1 APPPATH\Views\v_mahasiswa_form.php(55): CodeIgniter\Debug\Exceptions->errorHandler(2, 'Undefined variable $validation', 'C:\\xampp\\htdocs\\codeignite\\cid\\app\\Views\\v_mahasiswa_form.php', 55)
 2 SYSTEMPATH\View\View.php(224): include('C:\\xampp\\htdocs\\codeignite\\cid\\app\\Views\\v_mahasiswa_form.php')
 3 SYSTEMPATH\View\View.php(227): CodeIgniter\View\View->CodeIgniter\View\{closure}()
 4 SYSTEMPATH\Common.php(1176): CodeIgniter\View\View->render('v_mahasiswa_form.php', [], true)
 5 APPPATH\Controllers\MahasiswaForm.php(9): view('v_mahasiswa_form.php')
 6 SYSTEMPATH\CodeIgniter.php(932): App\Controllers\MahasiswaForm->index()
 7 SYSTEMPATH\CodeIgniter.php(497): CodeIgniter\CodeIgniter->runController(Object(App\Controllers\MahasiswaForm))
 8 SYSTEMPATH\CodeIgniter.php(366): CodeIgniter\CodeIgniter->handleRequest(null, Object(Config\Cache), false)
 9 FCPATH\index.php(67): CodeIgniter\CodeIgniter->run()
CRITICAL - 2023-09-24 12:48:55 --> Undefined variable $validation
in APPPATH\Views\v_mahasiswa_form.php on line 55.
 1 APPPATH\Views\v_mahasiswa_form.php(55): CodeIgniter\Debug\Exceptions->errorHandler(2, 'Undefined variable $validation', 'C:\\xampp\\htdocs\\codeignite\\cid\\app\\Views\\v_mahasiswa_form.php', 55)
 2 SYSTEMPATH\View\View.php(224): include('C:\\xampp\\htdocs\\codeignite\\cid\\app\\Views\\v_mahasiswa_form.php')
 3 SYSTEMPATH\View\View.php(227): CodeIgniter\View\View->CodeIgniter\View\{closure}()
 4 SYSTEMPATH\Common.php(1176): CodeIgniter\View\View->render('v_mahasiswa_form.php', [], true)
 5 APPPATH\Controllers\MahasiswaForm.php(9): view('v_mahasiswa_form.php')
 6 SYSTEMPATH\CodeIgniter.php(932): App\Controllers\MahasiswaForm->index()
 7 SYSTEMPATH\CodeIgniter.php(497): CodeIgniter\CodeIgniter->runController(Object(App\Controllers\MahasiswaForm))
 8 SYSTEMPATH\CodeIgniter.php(366): CodeIgniter\CodeIgniter->handleRequest(null, Object(Config\Cache), false)
 9 FCPATH\index.php(67): CodeIgniter\CodeIgniter->run()
CRITICAL - 2023-09-24 12:51:01 --> Undefined variable $validation
in APPPATH\Views\v_mahasiswa_form.php on line 56.
 1 APPPATH\Views\v_mahasiswa_form.php(56): CodeIgniter\Debug\Exceptions->errorHandler(2, 'Undefined variable $validation', 'C:\\xampp\\htdocs\\codeignite\\cid\\app\\Views\\v_mahasiswa_form.php', 56)
 2 SYSTEMPATH\View\View.php(224): include('C:\\xampp\\htdocs\\codeignite\\cid\\app\\Views\\v_mahasiswa_form.php')
 3 SYSTEMPATH\View\View.php(227): CodeIgniter\View\View->CodeIgniter\View\{closure}()
 4 SYSTEMPATH\Common.php(1176): CodeIgniter\View\View->render('v_mahasiswa_form.php', [], true)
 5 APPPATH\Controllers\MahasiswaForm.php(9): view('v_mahasiswa_form.php')
 6 SYSTEMPATH\CodeIgniter.php(932): App\Controllers\MahasiswaForm->index()
 7 SYSTEMPATH\CodeIgniter.php(497): CodeIgniter\CodeIgniter->runController(Object(App\Controllers\MahasiswaForm))
 8 SYSTEMPATH\CodeIgniter.php(366): CodeIgniter\CodeIgniter->handleRequest(null, Object(Config\Cache), false)
 9 FCPATH\index.php(67): CodeIgniter\CodeIgniter->run()
CRITICAL - 2023-09-24 12:52:20 --> Undefined variable $validation
in APPPATH\Views\v_mahasiswa_form.php on line 56.
 1 APPPATH\Views\v_mahasiswa_form.php(56): CodeIgniter\Debug\Exceptions->errorHandler(2, 'Undefined variable $validation', 'C:\\xampp\\htdocs\\codeignite\\cid\\app\\Views\\v_mahasiswa_form.php', 56)
 2 SYSTEMPATH\View\View.php(224): include('C:\\xampp\\htdocs\\codeignite\\cid\\app\\Views\\v_mahasiswa_form.php')
 3 SYSTEMPATH\View\View.php(227): CodeIgniter\View\View->CodeIgniter\View\{closure}()
 4 SYSTEMPATH\Common.php(1176): CodeIgniter\View\View->render('v_mahasiswa_form.php', [], true)
 5 APPPATH\Controllers\MahasiswaForm.php(9): view('v_mahasiswa_form.php')
 6 SYSTEMPATH\CodeIgniter.php(932): App\Controllers\MahasiswaForm->index()
 7 SYSTEMPATH\CodeIgniter.php(497): CodeIgniter\CodeIgniter->runController(Object(App\Controllers\MahasiswaForm))
 8 SYSTEMPATH\CodeIgniter.php(366): CodeIgniter\CodeIgniter->handleRequest(null, Object(Config\Cache), false)
 9 FCPATH\index.php(67): CodeIgniter\CodeIgniter->run()
CRITICAL - 2023-09-24 12:53:08 --> Undefined variable $validation
in APPPATH\Views\v_mahasiswa_form.php on line 56.
 1 APPPATH\Views\v_mahasiswa_form.php(56): CodeIgniter\Debug\Exceptions->errorHandler(2, 'Undefined variable $validation', 'C:\\xampp\\htdocs\\codeignite\\cid\\app\\Views\\v_mahasiswa_form.php', 56)
 2 SYSTEMPATH\View\View.php(224): include('C:\\xampp\\htdocs\\codeignite\\cid\\app\\Views\\v_mahasiswa_form.php')
 3 SYSTEMPATH\View\View.php(227): CodeIgniter\View\View->CodeIgniter\View\{closure}()
 4 SYSTEMPATH\Common.php(1176): CodeIgniter\View\View->render('v_mahasiswa_form.php', [], true)
 5 APPPATH\Controllers\MahasiswaForm.php(9): view('v_mahasiswa_form.php')
 6 SYSTEMPATH\CodeIgniter.php(932): App\Controllers\MahasiswaForm->index()
 7 SYSTEMPATH\CodeIgniter.php(497): CodeIgniter\CodeIgniter->runController(Object(App\Controllers\MahasiswaForm))
 8 SYSTEMPATH\CodeIgniter.php(366): CodeIgniter\CodeIgniter->handleRequest(null, Object(Config\Cache), false)
 9 FCPATH\index.php(67): CodeIgniter\CodeIgniter->run()
